15:24 lishuoning: ？
15:24 DSLZL     : 碉堡啦
15:25 lishuoning: 东西呢
15:25 DSLZL     : 我不到啊
15:25 lishuoning: 啊
15:25 lishuoning: 我家在哪。
15:26 lishuoning: 6
15:26 DSLZL     : home一个
15:26 DSLZL     : 大概是伪造了验证服务器
15:26 DSLZL     : uuid不同了
15:26 lishuoning: home啥也没有
15:26 DSLZL     : 走
15:26 DSLZL     : 带你找
15:26 DSLZL     : 反正是11415x轴
15:27 lishuoning: 走啊
15:27 DSLZL     : 2333
15:27 lishuoning: 我重进试试
15:29 DSLZL     : ？
15:29 DSLZL     : ？？？
15:30 lishuoning: 6
15:31 DSLZL     : 你先走
15:31 DSLZL     : 我去看看数据
15:35 DSLZL     : 数据还在
15:35 DSLZL     : 就是服务器把我们当成新人了
15:35 lishuoning: 6
15:35 lishuoning: 你这新人给铁装备。
15:35 DSLZL     : 我改了嘛
15:36 lishuoning: 转世重修
15:38 DSLZL     : 666
15:38 DSLZL     : 活第二世嘿嘿嘿
15:38 lishuoning: 马上到第一个中转站
15:38 DSLZL     : 还好有这玩意
15:38 lishuoning: 3000格还有
15:38 DSLZL     : 6
15:38 DSLZL     : 666
15:39 DSLZL     : 我记得有村庄的
15:39 lishuoning: 这是你做的？
15:39 DSLZL     : 不是
15:39 DSLZL     : 人呐
15:40 lishuoning: 一直往东走
15:41 DSLZL     : 等mojang的认证服务器上线了我们重新登录就没问题了
15:42 lishuoning: 那我现在去古城拿东西是不是就是新的
15:42 DSLZL     : 6
15:45 DSLZL     : 6
15:49 DSLZL     : 你在哪？
15:49 lishuoning: 4000
15:49 lishuoning: 格
15:49 DSLZL     : 我也差不多
15:50 DSLZL     : giao
15:50 DSLZL     : 附魔铁剑
15:51 DSLZL     : 真穷
15:51 lishuoning: 我来过的村子。
15:52 DSLZL     : 没吃的了
15:53 DSLZL     : 我回个邮件
15:59 DSLZL     : 门
16:03 DSLZL     : 快到了
16:03 DSLZL     : 7300
16:05 DSLZL     : 你在哪？
16:05 lishuoning: 75
16:07 lishuoning: 。。。
16:07 DSLZL     : ？
16:07 lishuoning: 79 边78
16:07 DSLZL     : 怂者
16:07 DSLZL     : 着捏
16:09 DSLZL     : 火把？
16:09 lishuoning: 没
16:10 DSLZL     : 6
16:10 DSLZL     : 6
16:13 DSLZL     : 在哪？
16:13 lishuoning: 87
16:13 DSLZL     : 6
16:15 DSLZL     : 在哪？
16:16 lishuoning: 96
16:16 DSLZL     : 100
16:20 DSLZL     : 我到了
16:21 lishuoning: 我跑过了。
16:21 DSLZL     : 6
16:21 lishuoning: 。。。我的箱子怎么是你的名字。
16:22 lishuoning: 6
16:22 lishuoning: 我的箱子我都打不开
16:22 DSLZL     : hh
16:22 lishuoning: 6
16:22 DSLZL     : 重新连接一下认证服务器先
16:25 DSLZL     : ？
16:25 lishuoning: 6
16:26 DSLZL     : ？
16:26 DSLZL     : 怎么了？
16:26 lishuoning: 还是打不开
16:26 DSLZL     : 6
16:28 lishuoning: 6
16:28 DSLZL     : 算了
16:28 DSLZL     : 晚上把数据迁移一下就行
16:28 lishuoning: 摆烂了
16:28 DSLZL     : 建房子吧
16:28 DSLZL     : 反正东西还在
16:28 lishuoning: 懒
16:28 DSLZL     : dnmd
16:28 lishuoning: 工具不在
16:28 DSLZL     : 那我现在迁移吧
16:28 DSLZL     : ？
16:28 lishuoning: 不
16:28 DSLZL     : ？
16:28 lishuoning: 晚上再说
16:28 DSLZL     : 6
16:29 lishuoning: 铁工具应该还是有的
16:29 lishuoning: 。。。没有斧子。
16:31 DSLZL     : 来建吧
16:31 DSLZL     : 不然拖到什么时候
16:31 lishuoning: 拿点工具
16:31 lishuoning: 虽然只有铁的
16:32 DSLZL     : 没个斧头是吧
16:32 lishuoning: 末地城没给
16:32 DSLZL     : 6
16:32 lishuoning: 砍树去
16:32 DSLZL     : 木屋？
16:33 lishuoning: 不然泥土也行
16:33 DSLZL     : 6
16:33 DSLZL     : 那还是木头吧
16:33 DSLZL     : 反正烧不掉
16:33 DSLZL     : 有保护
16:33 lishuoning: 砍树都得砍三下
16:33 DSLZL     : 我试试
16:33 DSLZL     : .
16:33 lishuoning: 6
16:34 DSLZL     : 典型网卡
16:35 DSLZL     : 上个厕所
16:40 DSLZL     : 人呐
16:41 DSLZL     : 多少了？
16:41 lishuoning: 一组半
16:41 DSLZL     : 6
16:41 DSLZL     : 不够啊
16:41 DSLZL     : 至少四组
16:41 lishuoning: 斧子炸了
