18:53 lishuoning : 杀龙？
18:53 DSLZL      : ?
18:54 lishuoning : ？
18:54 DSLZL      : 改生存了
18:54 DSLZL      : 给点东西
18:55 lishuoning : 自己拿
18:55 DSLZL      : 有面包啥的不？
18:55 lishuoning : 没
18:57 DSLZL      : go？
18:58 lishuoning : 你带好水晶我没有
18:58 DSLZL      : 啊？
18:58 lishuoning : 啊什么啊。
18:58 DSLZL      : 一人一条
18:59 DSLZL      : go？
18:59 DSLZL      : 6
19:02 lishuoning placed suspicious WATER_BUCKET @ world: x11377, z-319
19:02 DSLZL      : 忘记带水桶了
19:03 DSLZL      : ......
19:03 lishuoning : 迷路了
19:03 DSLZL      : .......
19:05 lishuoning : 6
19:05 DSLZL      : .....
19:05 DSLZL      : .....
19:06 DSLZL      : 开了
19:06 lishuoning : 6
19:07 DSLZL      : 把门盖一下
19:07 lishuoning : 要水晶的。
19:07 DSLZL      : 不然寄了
19:07 DSLZL      : 插件
19:07 lishuoning : 没方块
19:07 DSLZL      : 打一半就传走了
19:07 DSLZL      : 你听到声音吗？
19:07 lishuoning : 嗯
19:07 DSLZL      : 6
19:10 DSLZL      : 还好珍珠帮我重置了高度
19:11 DSLZL      : 你在摸鱼？
19:11 lishuoning : 我打了他零下呢
19:11 lishuoning : 两
19:11 DSLZL      : ......
19:15 lishuoning : 。
19:15 lishuoning : 上呀
19:15 DSLZL      : 摸不到啊
19:15 lishuoning : 6
19:16 lishuoning : 右边这是什么
19:16 DSLZL      : 我一过去就跑不动了
19:16 DSLZL      : 重生时间
19:16 DSLZL      : 杀的越多越nb
19:17 DSLZL      : 人呐
19:17 lishuoning : 俩门了
19:17 lishuoning : ？
19:17 lishuoning : 这是
19:17 DSLZL      : 蛋啊
19:17 lishuoning : 这玩意不是只有一个吗
19:17 DSLZL      : 插件嘛
19:17 lishuoning : 在整个？
19:18 DSLZL      : 6
19:18 DSLZL      : 去新门转转
19:18 DSLZL      : .....
19:18 lishuoning : 进去了
19:19 lishuoning : 小心点出生在小岛
19:19 DSLZL      : 6
19:19 DSLZL      : 6
19:19 DSLZL      : 极限出生点
19:19 lishuoning : 这也不远啊‘
19:19 DSLZL      : 给点方块
19:20 lishuoning : 没了
19:20 DSLZL      : 6
19:20 DSLZL      : 飞过去
19:20 DSLZL      : 我tpa
19:20 DSLZL      : 6
19:20 lishuoning : 你留个末影慢。
19:20 DSLZL      : ？
19:20 DSLZL      : 哪有
19:20 lishuoning : 刚才哪里
19:20 DSLZL      : 啊？
19:21 lishuoning : 去哪
19:21 DSLZL      : 末地城
19:22 DSLZL      : .
19:23 lishuoning : 来过的地方。
19:23 DSLZL      : 在哪我都不知道
19:23 DSLZL      : 我视距小
19:25 DSLZL      : 紫颂果怎么种来着
19:25 lishuoning : 这个
19:25 DSLZL      : 6
19:25 lishuoning : 放末地石上
19:26 DSLZL      : 嘿嘿
19:27 DSLZL      : ？
19:32 DSLZL      : 没耐久了
19:33 lishuoning : lai
19:35 DSLZL      : 不太行
19:35 lishuoning : 来过？
19:36 lishuoning : 你放的？
19:36 DSLZL      : yep
19:37 DSLZL      : 好穷
19:38 DSLZL      : 666666666666666666
19:38 DSLZL      : 我直接回地面了
19:39 DSLZL      : 好穷
19:41 lishuoning : 来
19:41 DSLZL      : 好穷
19:41 lishuoning : 没吃的了回去吧
19:43 DSLZL      : .
19:44 DSLZL      : 建房子、
19:44 DSLZL      : ？
19:44 lishuoning : 懒
19:44 DSLZL      : ......
19:44 DSLZL      : gkd
19:45 DSLZL      : 建房子
19:45 lishuoning : 懒
19:45 DSLZL      : ......
19:45 DSLZL      : nmd
19:45 lishuoning : 四海为家
19:45 lishuoning : 没有强力怪怕啥
19:45 DSLZL      : 你想要？
19:45 lishuoning : 不
19:45 lishuoning : 养老了
19:45 DSLZL      : 6
19:46 DSLZL      : 去骗点新人进来嘿嘿
19:46 DSLZL      : 这是吧服群嘛
19:46 lishuoning : 去吧
19:46 DSLZL      : 所以去贴吧支持一下
19:46 lishuoning : 百度贴吧？
19:46 DSLZL      : yep
19:46 lishuoning : 行
19:47 DSLZL      : 没事干
19:47 DSLZL      : 试试不抄视频能不能做出来
19:48 lishuoning : 整合包下好了
19:48 DSLZL      : 6
19:48 lishuoning : 我去看看
19:50 DSLZL      : 6
