19:07 lishuoning : 你在我这？
19:08 lishuoning : 为啥我这箱子打不开
19:08 lishuoning : 6
19:18 DSLZL      : ?
19:18 DSLZL      : 什么东西
19:18 lishuoning : 来我这
19:18 DSLZL      : 你人呐
19:19 lishuoning : 看不见我？
19:19 DSLZL      : 看见了
19:19 lishuoning : 我跟潜影贝打架就打不开箱子
19:19 DSLZL      : .
19:19 DSLZL      : 打架就打架
19:19 DSLZL      : 一心二用干嘛
19:20 DSLZL      : 怕你点到箱子误触的机制而已
19:27 DSLZL      : ？
19:27 lishuoning : zaibu
19:28 lishuoning : 让我回最开始的出生点去呗
19:28 DSLZL      : ？
19:28 DSLZL      : spawn
19:28 lishuoning : 100 100
19:28 DSLZL      : 哥们接任务去做吧
19:29 lishuoning : 先给我送回去
19:29 DSLZL      : spawn
19:29 lishuoning : 100 100
19:30 lishuoning : 你怎么只有一半身子
19:41 DSLZL      : 我tm不知道啊
19:41 lishuoning : 不用了
19:41 DSLZL      : 不是一半
19:41 DSLZL      : 是tm一手一脚
20:04 DSLZL      : man？
20:04 DSLZL      : 你在干嘛？
20:05 lishuoning : zzz
20:06 lishuoning : zzz
20:10 DSLZL      : 妈的上厕所
21:03 DSLZL      : .
21:04 DSLZL      : 什么穷逼神庙
21:04 lishuoning : 这里刷史莱姆吗
21:04 DSLZL      : ？
21:05 DSLZL      : 我怎么知道
21:05 lishuoning : 白色的青蛙
21:08 lishuoning : 骆驼
21:08 lishuoning : 快来
21:09 lishuoning : 来
21:10 DSLZL      : yohe
21:10 DSLZL      : 不错
21:10 lishuoning : 整个按
21:10 DSLZL      : 怎么坐下摆烂了？
21:10 lishuoning : 僵尸打不到
21:10 DSLZL      : 苦力怕
21:10 lishuoning : 鞍
21:10 DSLZL      : 你瞎啊
21:10 DSLZL      : .....
21:11 lishuoning : 他坐下才能上去
21:11 DSLZL      : gogogo
21:11 DSLZL      : 带我环游沙漠
21:11 lishuoning : 放沙漠骆驼
21:11 lishuoning : 我去找
21:11 DSLZL      : 我能上啊
21:11 DSLZL      : 不坐下也
21:12 lishuoning : 回来了
21:13 DSLZL      : 6
21:13 DSLZL      : and？
21:13 lishuoning : 你放几个僵尸僵尸打不到咱们
21:13 DSLZL      : 6
21:13 DSLZL      : 巨尸直接
21:13 lishuoning : 放
21:14 DSLZL      : 只是被限制了ai而已
21:14 DSLZL      : 他吃什么？
21:14 lishuoning : 放僵尸
21:14 lishuoning : 不知道，你去看看籽岷的新版本介绍
21:14 DSLZL      : 6
21:15 lishuoning : 传过来
21:15 lishuoning : 宝贝
21:16 lishuoning : @[svip]leiling2333
21:16 DSLZL      : @
21:16 DSLZL      : 666
21:16 DSLZL      : @？
21:18 lishuoning : 第二个蘑菇岛。。。。。
21:18 lishuoning : 不想找的时候全是
21:18 lishuoning : 想找没有
21:18 DSLZL      : 6
21:18 DSLZL      : 人呐
21:18 lishuoning : 蘑菇岛
21:18 DSLZL      : 啊？
21:20 DSLZL      : 艹
21:20 DSLZL      : 骆驼吃什么啊
21:20 lishuoning : 你去看籽岷的介绍
21:20 DSLZL      : 你说说
21:20 lishuoning : 不知道
21:20 DSLZL      : 看视频太麻烦了
21:33 DSLZL      : 洗洗睡了
22:25 lishuoning : 结束
22:25 lishuoning : 下了
