10:34 DSLZL     : 看tab
10:34 DSLZL     : 你是屠龙者
10:34 DSLZL     : 有称号
10:34 lishuoning: 4
10:34 DSLZL     : ？
10:34 lishuoning: 1
10:34 DSLZL     : ？
10:34 lishuoning: 哦
10:34 DSLZL     : 我给你了
10:34 DSLZL     : 可以开了
10:35 DSLZL     : 你也搞一个
10:35 DSLZL     : trust
10:35 DSLZL     : 那个记分牌暂时关了嘛？
10:35 lishuoning: 没有
10:35 DSLZL     : trust
10:35 lishuoning: 我重进试试
10:36 lishuoning: 还在。
10:37 DSLZL     : 等等
10:39 DSLZL     : .animatedscoreboard toggle
10:39 DSLZL     : 试试
10:39 lishuoning: 没了
10:40 lishuoning: 走砍树去
10:43 DSLZL     : 我去洗澡
10:43 DSLZL     : 从医院回来的我
10:43 DSLZL     : 给我竹子干嘛？
10:43 lishuoning: 先关下放火
10:43 lishuoning: 我把这个树烧了
10:43 DSLZL     : 6
10:43 DSLZL     : 自个拆
10:43 DSLZL     : 我连什么是什么都不知道
10:43 DSLZL     : 洗完澡马上来帮你建
10:43 DSLZL     : 今天必定建完
10:44 DSLZL     : 还有你的东西都回来了吧
10:44 lishuoning: en
12:30 lishuoning placed suspicious LAVA_BUCKET @ world: x11409, z214
12:30 lishuoning placed suspicious LAVA_BUCKET @ world: x11409, z214
12:30 DSLZL     : nnd
12:30 DSLZL     : 有什么变化
12:30 DSLZL     : 还是一坨
12:30 DSLZL     : 又矮又黑
12:31 lishuoning: 一会挖点萤石
12:31 DSLZL     : 海晶石好点
12:31 lishuoning: 那玩意难找
12:31 DSLZL     : 神庙抠就行
12:32 lishuoning: 那附近有怪
12:32 DSLZL     : 全杀了
12:33 lishuoning placed suspicious LAVA_BUCKET @ world: x11417, z215
12:33 DSLZL     : 6
12:33 lishuoning placed suspicious LAVA_BUCKET @ world: x11418, z214
12:34 DSLZL     : 嘿嘿
12:34 DSLZL     : 走？
12:35 lishuoning: 干啥
12:35 DSLZL     : 找神庙
12:35 lishuoning: 东西呢
12:35 DSLZL     : 合金装备？
12:35 lishuoning: 不是
12:35 lishuoning: 展示框。
12:35 DSLZL     : 我透
12:35 DSLZL     : 你搞到了？
12:35 lishuoning: ？
12:35 DSLZL     : ？
12:36 lishuoning: 这里的展示框没了
12:36 DSLZL     : 不知道、
12:36 DSLZL     : 扔几块残骸出来看看
12:37 DSLZL     : 是不是共同的
12:37 lishuoning: 没有
12:37 DSLZL     : 这个合金装备
12:37 DSLZL     : nnd
12:37 lishuoning: 对了
12:37 DSLZL     : 我的进度莫名其妙就两百多了
12:37 lishuoning: 我残骸成就好像完成了
12:37 DSLZL     : 我一个没挖
12:37 DSLZL     : 啊？
12:37 lishuoning: 我挖了一堆土
12:37 lishuoning: 就有了
12:37 DSLZL     : .....................................................
12:37 DSLZL     : wc
12:37 DSLZL     : 妈的类型错了
12:37 DSLZL     : 搞成全方块了
12:38 lishuoning: 嘎嘎嘎嘎嘎嘎嘎嘎
12:38 DSLZL     : 蚌埠住了
12:38 DSLZL     : 待会帮你撤了先
12:38 lishuoning: 6
12:38 DSLZL     : 你要记住
12:38 DSLZL     : 合金装备现在有五代
12:38 lishuoning: ？
12:38 DSLZL     : 而不是五部
12:38 DSLZL     : 所以
12:38 DSLZL     : 你还只是靠我的失误入了门
12:39 DSLZL     : .
12:40 DSLZL     : 给点木板
12:40 DSLZL     : 我继续建一下房间和二楼
12:40 lishuoning: 箱子找
12:41 DSLZL     : 还是我聪明把双开门弄进来了
12:41 DSLZL     : 6
12:41 DSLZL     : 岩浆收收
12:42 DSLZL     : 待会烧起来又烧不掉
12:44 lishuoning placed suspicious LAVA_BUCKET @ world: x11418, z214
12:45 DSLZL     : 锉刀》？
12:45 lishuoning: 嗯
12:45 DSLZL     : ？？？
12:45 lishuoning: 我不知道有啥用
12:45 DSLZL     : 6
12:45 lishuoning: 我整点萤石去
12:46 DSLZL     : 萤石不好看了
12:46 lishuoning: 那要啥
12:46 DSLZL     : 海晶灯好点
12:46 lishuoning: 一会挖神殿去
12:47 DSLZL     : 插点火把
12:47 lishuoning: 我还没有火把。。
12:48 DSLZL     : 还是我那个四角好看点
12:48 lishuoning: 一会改
12:48 lishuoning: 我有精准
12:48 DSLZL     : 妈的打完龙了连基本的东西都没有
12:48 DSLZL     : 真没话说
12:48 lishuoning: 嘎嘎
12:50 DSLZL     : 1
12:50 DSLZL     : 666
12:50 lishuoning: 2
12:50 DSLZL     : 1
12:50 DSLZL     : ok
12:52 DSLZL     : .
12:52 DSLZL     : 火把
12:52 lishuoning: 没有
12:52 lishuoning: 我去打点苦力怕
12:52 DSLZL     : 6
12:53 lishuoning: 不刷怪了。。。。
12:53 DSLZL     : 6
13:03 lishuoning: 咋不动了
13:03 DSLZL     : ？
13:03 DSLZL     : 等你
13:03 lishuoning: 你做点药水咱俩去找水下遗迹
13:07 DSLZL     : 做什么、
13:07 DSLZL     : ？
13:07 lishuoning: 水下呼吸
13:08 DSLZL     : 带个门
13:08 lishuoning: 这个版本还能用吗
13:08 DSLZL     : 不知道
13:08 DSLZL     : 我去试试
13:08 DSLZL     : 行的话药水用来报名
13:08 DSLZL     : 保命
13:08 DSLZL     : 劫掠
13:08 lishuoning: 可以
13:09 DSLZL     : 打它
13:09 lishuoning: 哪呢
13:09 DSLZL     : 妈的瞎的？
13:10 lishuoning: 一人三瓶夜视
13:10 DSLZL     : .
13:10 DSLZL     : 海晶灯要精准嘛？
13:10 lishuoning: 要
13:10 DSLZL     : 6
13:11 lishuoning: 这里应该有精准的工具
13:11 DSLZL     : 我去哪找
13:11 DSLZL     : 吐了
13:11 lishuoning: 没有？
13:11 DSLZL     : 没有
13:12 DSLZL     : 斧子？
13:12 DSLZL     : 6
13:12 lishuoning: 先用这个
13:12 DSLZL     : 斧子不行吧
13:12 lishuoning: 能砍下来就行
13:12 DSLZL     : ......
13:12 DSLZL     : 去试试
13:12 DSLZL     : 走吧？
13:12 lishuoning: 药水
13:13 lishuoning: 你拿
13:13 lishuoning: 再拿瓶再生吧
13:13 DSLZL     : 6
13:13 lishuoning: 走吧
13:13 DSLZL     : 之前的神庙在哪来着
13:13 lishuoning: 忘了
13:14 DSLZL     : 找地牢的时候
13:14 DSLZL     : 拿个眼睛
13:14 lishuoning: 9000？
13:14 DSLZL     : 就能找到神庙了
13:14 DSLZL     : 妈的绝了
13:14 lishuoning: 走吧
13:16 DSLZL     : 让我看看
13:17 DSLZL     : 啥也没有
13:17 lishuoning: 6
13:17 DSLZL     : 不行滴
13:17 lishuoning: 啊
13:17 DSLZL     : 这些是空手能破坏的
13:17 lishuoning: 这怎么说
13:17 DSLZL     : 斧子打不了海晶石
13:17 DSLZL     : 不行滴
13:17 lishuoning: 那去找个精准稿子？
13:18 DSLZL     : .
13:18 DSLZL     : 你不有？
13:18 lishuoning: 对哦
13:18 DSLZL     : 妈的
13:18 DSLZL     : 实践出真知
13:18 DSLZL     : 试试看
13:18 lishuoning: 走
13:18 DSLZL     : 6
13:18 DSLZL     : 蚌埠住了
13:18 lishuoning: 试试稿子
13:18 DSLZL     : 直接挖看看
13:19 DSLZL     : ......
13:19 DSLZL     : go
13:19 lishuoning: 走
13:19 DSLZL     : 6
13:19 lishuoning placed suspicious WATER_BUCKET @ world: x10945, z-2
13:19 DSLZL     : 帮你盖上被子了
13:21 DSLZL     : 人呐
13:21 lishuoning: 卡卡卡
13:21 DSLZL     : ........
13:21 DSLZL     : 你就一格信号了
13:21 lishuoning: 我关掉酷狗试试
13:22 lishuoning: 6
13:23 lishuoning: 传过来？我在海上
13:23 DSLZL     : 6
13:24 lishuoning: 卡
13:24 DSLZL     : 嘿嘿嘿
13:24 DSLZL     : 卡的话可以用我那个域名试试
13:24 lishuoning: 就是域名登录的
13:24 lishuoning: 6
13:24 DSLZL     : 哪个？
13:25 DSLZL     : 6
13:25 DSLZL     : 有门
13:25 DSLZL     : 点了
13:25 DSLZL     : 幻翼
13:26 DSLZL     : 给点作用啊
13:26 lishuoning: 卡
13:26 lishuoning: 好了？
13:26 DSLZL     : 哪个域名？
13:34 lishuoning: 6
13:34 lishuoning: ？
13:36 lishuoning: 5
13:36 DSLZL     : 15？
13:36 DSLZL     : 人呐？
13:40 lishuoning: 5
13:40 lishuoning: 6
13:41 DSLZL     : 东西在我这
13:41 DSLZL     : wdnmd
13:41 DSLZL     : 怎么刚刚不行？
13:41 lishuoning: 那我神圣是什么
13:41 lishuoning: 身上
13:41 DSLZL     : 是你爹我
13:42 DSLZL     : 烟花不要了？
13:42 DSLZL     : 怎么能玩了？
13:42 lishuoning: 换回校园网了
13:42 DSLZL     : .........
13:43 lishuoning: 冲吧
13:43 DSLZL     : 我要去接人了
13:43 DSLZL     : ……
13:43 DSLZL     : 真有你的
13:43 lishuoning: 好死
13:44 DSLZL     : 我看看两点回来行不行
13:55 DSLZL     : 6
13:55 lishuoning: 还有一个远古守卫者
13:55 lishuoning: 找不到。
13:55 DSLZL     : 寄
13:56 DSLZL     : 敲钟把他弄出来
13:56 DSLZL     : nnd
13:56 DSLZL     : 语音吧
13:56 lishuoning: 宿舍有人zzz
13:56 DSLZL     : 666
13:56 DSLZL     : 挖不动啊啊啊啊啊啊啊啊啊啊啊啊啊啊啊啊啊啊啊啊
13:56 lishuoning: 我去找钟
13:57 DSLZL     : 6
13:57 DSLZL     : 钟不行滴
13:57 lishuoning: 6
13:57 DSLZL     : 开玩笑的
13:58 DSLZL     : 先别挖灯
13:59 lishuoning: 打死最后一个了
13:59 DSLZL     : 把海底神庙拆了
13:59 DSLZL     : nnd
13:59 DSLZL     : 别人一直有偷鸡的
13:59 DSLZL     : 不然
14:00 DSLZL     : 你在哪找到的？
14:00 lishuoning: 中心
14:00 DSLZL     : 6
14:01 DSLZL     : 门都砍不懂
14:01 lishuoning: 真慢。、
14:01 DSLZL     : 动
14:01 DSLZL     : 别看了
14:01 lishuoning: 我去找牛
14:01 DSLZL     : 正常是这样的
14:03 lishuoning: 我有牛奶
14:04 DSLZL     : 我都散了
14:05 DSLZL     : 人呐？
14:05 lishuoning: 家
14:06 DSLZL     : 6
14:06 DSLZL     : 人呐？
14:07 DSLZL     : 人呐？
14:07 lishuoning: 马上
14:07 DSLZL     : ......
14:08 DSLZL     : 无语了
14:08 lishuoning: 3个灯够不够
14:08 DSLZL     : 补上啊
14:08 DSLZL     : 不够
14:08 DSLZL     : .......
14:09 DSLZL     : 你待会上课我就优化服务器去了
14:09 DSLZL     : 看看怎么把带宽缩缩
14:09 DSLZL     : 负担太大了
14:11 lishuoning: 17个够不够
14:11 DSLZL     : 看到就挖走
14:11 DSLZL     : 妈的不打算来第二次了
14:11 DSLZL     : 那边两个不捡起来？
14:12 lishuoning: 我看不见
14:12 DSLZL     : .......
14:12 DSLZL     : 妈的
14:12 DSLZL     : ct不抬头还不低头了？
14:15 DSLZL     : 人呐？
14:16 lishuoning: 挖
14:22 lishuoning: 我回去整点火把
14:22 DSLZL     : 啊？
14:23 lishuoning: 我有海绵
14:23 DSLZL     : 6
14:23 DSLZL     : 我在这等你
14:24 lishuoning: 去地狱就变成干海绵了
14:25 DSLZL     : 打个地狱门
14:25 DSLZL     : 就不用烤海绵了
14:25 DSLZL     : 神庙外面那个刚刚好
14:25 DSLZL     : 妈的有海绵不早放？
14:25 lishuoning: 我得有黑曜石
14:25 DSLZL     : .
14:25 lishuoning: 这是刚挖的
14:25 DSLZL     : 神庙外面
14:25 DSLZL     : 6
14:27 DSLZL     : 这么多？
14:28 lishuoning: 俩海绵放
14:28 lishuoning: 房
14:28 DSLZL     : ？
14:29 DSLZL     : 6
14:29 DSLZL     : 什么两海绵放？
14:30 lishuoning: 这个神殿有两个有海绵的房间
14:30 DSLZL     : 6
14:30 DSLZL     : /r 
14:31 lishuoning: 该去教室了
17:05 DSLZL     : 现在不卡了吧
17:05 lishuoning: 嗯
17:05 DSLZL     : 你还是三格信号
17:05 lishuoning: 6
17:06 DSLZL     : 我已经尽量调整服务器的配置了
17:06 DSLZL     : 我去吧地狱门挖了
17:06 lishuoning: 我有了10个黑曜石
17:06 DSLZL     : 6
17:06 DSLZL     : 妈的
17:06 DSLZL     : 直盯着我
17:07 DSLZL     : 屌爆了
17:07 DSLZL     : 靠
17:07 DSLZL     : 盾牌连这个都能挡
17:07 DSLZL     : 真牛逼
17:07 DSLZL     : 我以为挡不住的
17:08 DSLZL     : 妈的有反甲？
17:08 lishuoning: 他们有
17:08 DSLZL     : 麻了
17:10 DSLZL     : ？
17:10 lishuoning: 开个门？
17:10 DSLZL     : 不然？
17:11 DSLZL     : 祛湿先
17:12 DSLZL     : ......
17:12 DSLZL     : 真多
17:12 DSLZL     : 一个房多少来着
17:12 lishuoning: 给你一点
17:12 lishuoning: 不知道
17:12 DSLZL     : ......
17:12 lishuoning: 这下去
17:13 DSLZL     : 6
17:13 DSLZL     : 火把替代
17:14 DSLZL     : 不然迟早死在这
17:15 DSLZL     : ？
17:17 lishuoning: 地狱
17:17 DSLZL     : nnd
17:19 DSLZL     : 6
17:19 lishuoning: 给你
17:20 DSLZL     : 为啥你和飞一样捏
17:20 lishuoning: 深海探索我有
17:20 DSLZL     : 6
17:21 DSLZL     : nmd
17:21 DSLZL     : 这神庙真多缺口
17:24 DSLZL     : 钟？
17:24 lishuoning: 我放的
17:24 DSLZL     : 无头骑士历险记
17:25 DSLZL     : 头盔炸了
17:25 lishuoning: 家里有
17:25 DSLZL     : 所以无头骑士嘛
17:25 lishuoning: 实在不行去末地进货
17:25 DSLZL     : 6
17:25 DSLZL     : 进什么？
17:25 lishuoning: 装备
17:25 DSLZL     : 6
17:26 DSLZL     : 龙是越打越强的
17:26 lishuoning: 我直接去外岛。
17:26 DSLZL     : 6
17:26 lishuoning: 他还能追上我不成
17:26 lishuoning: 实在不行我只带一个鞘翅
17:26 DSLZL     : 6
17:27 lishuoning: 出来
17:27 DSLZL     : ？
17:27 lishuoning: 封上这里我要
17:28 DSLZL     : 走不动啊
17:30 DSLZL     : 这边还有灯啊
17:30 lishuoning: 出去
17:30 lishuoning: 我知道
17:30 lishuoning: 从其他地方走
17:33 DSLZL     : 现在多少了？
17:33 lishuoning: 一组加27个
17:33 DSLZL     : 以后就是我们老家的墙壁上面的海晶灯了
17:33 DSLZL     : 简称老壁灯
17:33 lishuoning: 够不
17:33 DSLZL     : 够哩
17:34 lishuoning: 撤？
17:34 DSLZL     : 海绵拿了
17:34 DSLZL     : go
17:34 DSLZL     : ？
17:34 DSLZL     : 不拿海绵？
17:34 lishuoning: 到家了
17:35 lishuoning: 这些够用了
17:35 DSLZL     : 行吧
17:35 lishuoning: 实在不行其他神殿偷
17:35 DSLZL     : 斧子借一下
17:36 DSLZL     : 不去地狱蒸发？
17:36 lishuoning: 懒了
17:36 DSLZL     : .......
17:36 lishuoning: 这有炉子
17:36 lishuoning: 我能附魔了
17:36 DSLZL     : 差一个
17:37 DSLZL     : 如何
17:37 DSLZL     : 这个砂轮
17:37 lishuoning: 你想附魔什么
17:37 lishuoning: 不错
17:37 DSLZL     : 不知道
17:37 DSLZL     : 耐久吧
17:37 DSLZL     : 我东西经常爆
17:37 lishuoning: 书上？
17:37 DSLZL     : 烈火刀刀爆啊嘎子
17:37 lishuoning: 我试试吧
17:37 DSLZL     : 书太亏了
17:37 DSLZL     : 找村民压榨去？
17:37 lishuoning: 那是啥
17:38 DSLZL     : ？
17:38 lishuoning: 那得做小村民
17:38 lishuoning: 现在做不了
17:38 DSLZL     : 66
17:38 DSLZL     : 我先把地板换换
17:38 lishuoning: 效率4的斧子要不要
17:38 DSLZL     : 有没有铲子？
17:38 DSLZL     : no
17:38 DSLZL     : 斧子没啥用
17:39 lishuoning: 那要啥
17:39 lishuoning: 剑？
17:39 DSLZL     : 剑就行
17:39 lishuoning: 这里有一点
17:40 lishuoning: 合成一下一把小神剑就有哦了
17:40 DSLZL     : 一代版本一代神
17:40 DSLZL     : 剑又重回神位了
17:40 lishuoning: 这附魔不错
17:41 lishuoning: 你瞅瞅
17:41 DSLZL     : 亡灵重复了
17:41 DSLZL     : 太亏
17:41 lishuoning: 亡灵是附属
17:42 lishuoning: 我付的是横扫
17:42 lishuoning: 6
17:42 DSLZL     : 有锋利更好
17:42 lishuoning: 看群
17:43 lishuoning: 我去杀点苦力怕
17:43 DSLZL     : ？
17:43 lishuoning: 火药烟花
17:43 DSLZL     : 6
17:43 DSLZL     : 整个塔不香吗？
17:43 lishuoning: 不会
17:43 DSLZL     : .....
17:50 DSLZL     : 没橡木哩
17:50 lishuoning: 挖被
17:50 DSLZL     : 收菜
17:51 lishuoning: 经验
17:51 lishuoning: 我先附魔
17:51 DSLZL     : ？
17:51 lishuoning: 收菜给经验
17:51 DSLZL     : 我搞点萝卜
17:51 DSLZL     : 我加的
17:51 DSLZL     : 没吃的了我
17:51 lishuoning: 家里一堆。
17:52 DSLZL     : 吃饭去了
17:52 DSLZL     : 待会建
18:51 lishuoning: 现在钓鱼只给熟的了
18:51 DSLZL     : ~
18:51 DSLZL     : 热，带，鱼
18:51 lishuoning: 我还有几种生鱼没吃。
18:52 DSLZL     : 你又知道？
18:52 lishuoning: 有个成就
18:52 lishuoning: 吃所有的吃的
18:52 DSLZL     : 你又知道什么没吃？
18:52 lishuoning: 也就哪几种了
18:52 DSLZL     : .
18:53 DSLZL     : ？？？？？？？？？？？？？？？？？？？？？？？？？？？？？？？？
18:53 lishuoning: ？
18:53 DSLZL     : 这个bug任务
18:53 DSLZL     : 666
18:53 DSLZL     : 算了
18:53 DSLZL     : 总比没有号
18:53 DSLZL     : 好
18:57 DSLZL     : 蚌埠住了
18:57 DSLZL     : 去看看群吧
18:58 lishuoning: 6
18:58 lishuoning placed suspicious LAVA_BUCKET @ world: x11420, z203
18:58 DSLZL     : ........
18:58 DSLZL     : 发电？
18:59 lishuoning: 奶奶的蛋糕我吃过那。
18:59 lishuoning: 还差6中吃的
19:05 DSLZL     : 6
19:07 DSLZL     : nnd
19:07 lishuoning: 不够？
19:07 DSLZL     : 木板用的真快
19:07 DSLZL     : 灯是够的
19:10 DSLZL     : .....
19:10 lishuoning: 则个也吃过了
19:11 DSLZL     : 真没记性
19:11 DSLZL     : ......
19:11 lishuoning: 吃过了
19:14 DSLZL     : 一桶岩浆烧一个海带？
19:14 lishuoning: 那是可再生的不怕
19:14 DSLZL     : ......
19:21 lishuoning: zzz
19:22 lishuoning: 6
19:22 DSLZL     : 山东的
19:22 DSLZL     : 怪不得
19:25 DSLZL     : 你的叼名字拉长了tab
19:36 lishuoning: 蜂蜜瓶子几乎做不出来了
19:38 DSLZL     : 我给你一个
19:38 Ruear_Xiao_Guai: 屏幕上那玩意怎么关
19:38 DSLZL          : ./animatedscoreboard toggle
19:38 lishuoning     : 6连古城的坐标你还记得不
19:38 Ruear_Xiao_Guai: ？
19:38 DSLZL          : 谁tm记得
19:39 DSLZL          : 反正真离谱
19:39 lishuoning     : 连续6个古城
19:39 lishuoning     : 老掉了
19:39 DSLZL          : 还是连通的
19:39 DSLZL          : 来我这
19:39 lishuoning     : 看见个塔我打了他
19:39 DSLZL          : ......
19:39 DSLZL          : 拉我
19:40 DSLZL          : nm向后射箭？
19:40 lishuoning     : 想不想来波5级的劫掠
19:40 DSLZL          : 不行
19:40 DSLZL          : 装备垃圾
19:40 Ruear_Xiao_Guai: 没有小地图吗？
19:40 lishuoning     : 没有
19:41 Ruear_Xiao_Guai: jei也没有？
19:41 lishuoning     : 还差3种吃的
19:41 lishuoning     : 对头
19:41 Ruear_Xiao_Guai: 有反矿透
19:41 Ruear_Xiao_Guai: 我笑了
19:42 DSLZL          : 双倍反矿透
19:42 DSLZL          : 极致的快乐
19:42 lishuoning     : 你是跟我们住一起还是？
19:42 lishuoning     : 和我们一个屋子哦
19:42 DSLZL          : 孤寡老人
19:42 Ruear_Xiao_Guai: 我要流浪
19:42 lishuoning     : 行吧
19:43 Ruear_Xiao_Guai: 有一键砍树
19:43 DSLZL          : 二级不详了
19:43 lishuoning     : 你可以去5100 10
19:43 Ruear_Xiao_Guai: 没有挖矿？
19:43 DSLZL          : 哪有一键？
19:43 Ruear_Xiao_Guai: 蹲下
19:43 lishuoning     : 哦那是技能
19:43 Ruear_Xiao_Guai: 思死亡掉落？
19:43 lishuoning     : 老弟我来救你
19:43 DSLZL          : 有坟头
19:44 lishuoning     : 报坐标
19:44 DSLZL          : 挖三填一
19:44 Ruear_Xiao_Guai: 581 60 490
19:44 DSLZL          : 挂机
19:44 lishuoning     : 不对。
19:44 DSLZL          : 嘿嘿
19:45 lishuoning     : 没带吃的。
19:46 Ruear_Xiao_Guai: rpg？
19:46 lishuoning     : ？
19:46 DSLZL          : rpg？
19:46 lishuoning     : 还差两种吃的‘
19:46 lishuoning     : 到底是啥呀啊啊啊啊啊啊
19:47 Ruear_Xiao_Guai: 这个东西是干什么的
19:47 Ruear_Xiao_Guai: 好像能放东西
19:47 DSLZL          : 附魔金苹果？
19:47 lishuoning     : 背包
19:47 Ruear_Xiao_Guai: 丢不掉？
19:47 lishuoning     : 嗯
19:47 DSLZL          : 我也丢不掉
19:48 lishuoning     : 我在天上
19:49 lishuoning     : 给你点吃的
19:49 Ruear_Xiao_Guai: 卡物品了
19:49 Ruear_Xiao_Guai: 也放不了箱子
19:49 DSLZL          : ？
19:49 DSLZL          : 保护区？
19:49 lishuoning     : 不能啊
19:49 lishuoning     : 在家附近
19:50 DSLZL          : 6
19:50 DSLZL          : 6
19:50 lishuoning     : 都说了在天上嘿嘿
19:50 DSLZL          : 有点卡
19:51 Ruear_Xiao_Guai: 重进能不卡？
19:51 lishuoning     : 卡加一
19:51 DSLZL          : 你就一格信号了
19:51 Ruear_Xiao_Guai: 现在满了
19:51 Ruear_Xiao_Guai: 这个背包里为什么还有背包
19:52 DSLZL          : 啊？
19:52 Ruear_Xiao_Guai: 怎么看技能
19:52 lishuoning     : 不知道
19:54 Ruear_Xiao_Guai: 有传送石碑吗？
19:54 lishuoning     : 那肯定没有
19:54 DSLZL          : ./q
19:54 DSLZL          : 把第一个草方块的任务做了
19:55 Ruear_Xiao_Guai: 30个泥土？
19:55 lishuoning placed suspicious COD_BUCKET @ world: x13139, z95
19:55 Ruear_Xiao_Guai: 没有汉化吗？
19:56 DSLZL          : 懒
19:56 Ruear_Xiao_Guai: 整个汉化
19:56 DSLZL          : 这是示例模板
19:56 DSLZL          : 汉化的是我手打的
19:56 lishuoning     : 我去看看有啥吃的
19:56 Ruear_Xiao_Guai: 第一个任务是什么
19:56 DSLZL          : 截图发群里
19:57 DSLZL          : ？
19:59 Ruear_Xiao_Guai: lishuoning
19:59 Ruear_Xiao_Guai: 末地传送门在哪？
20:00 DSLZL          : 对了
20:00 lishuoning     : 我家附近
20:00 DSLZL          : 头衔是长期任务
20:00 DSLZL          : 记得提前领
20:00 Ruear_Xiao_Guai: 你家在哪？
20:00 DSLZL          : 免得没进度
20:00 lishuoning     : 11000 200
20:00 Ruear_Xiao_Guai: 。。
20:00 DSLZL          : 我和msds都做完第一个了你信吗？
20:00 Ruear_Xiao_Guai: 第一个是什么？
20:00 DSLZL          : 头衔是长期任务
20:01 Ruear_Xiao_Guai: 这村庄真惨
20:01 DSLZL          : 忘了怎么看任务？
20:02 lishuoning     : 就是不给热带鱼
20:02 DSLZL          : 去抓呗
20:03 Ruear_Xiao_Guai: 这67x是什么
20:03 DSLZL          : 这里莫得的
20:03 Ruear_Xiao_Guai: 旁边还有闪电的东西
20:03 DSLZL          : 冰河给热带鱼是吧
20:03 Ruear_Xiao_Guai: ?
20:03 DSLZL          : 垃圾清理
20:03 lishuoning     : 这么快钻石了
20:04 DSLZL          : 记得把头衔任务接了
20:04 Ruear_Xiao_Guai: 看不懂啊
20:04 Ruear_Xiao_Guai: 没有汉化
20:04 lishuoning     : 。。。袭击
20:04 DSLZL          : ……
20:04 DSLZL          : 不懂就发群里
20:05 DSLZL          : 还有那是示例任务
20:05 lishuoning     : 打袭击了
20:05 DSLZL          : 不是头衔任务
20:05 Ruear_Xiao_Guai: 好多怪
20:05 Ruear_Xiao_Guai: 睡觉？
20:05 Ruear_Xiao_Guai: ？
20:05 DSLZL          : *****
20:06 DSLZL          : 睡一半给我拉过来
20:06 Ruear_Xiao_Guai: 睡觉啊
20:07 lishuoning     : 出来
20:07 lishuoning     : 打还是跑
20:07 DSLZL          : 淦它
20:08 DSLZL          : 6
20:08 DSLZL          : 生成在面前？
20:08 lishuoning     : 不然
20:08 DSLZL          : 屌爆了
20:09 lishuoning     : 算了不大了浪费时间
20:09 DSLZL          : 在这
20:09 DSLZL          : 淦它
20:09 Ruear_Xiao_Guai: ？
20:10 Ruear_Xiao_Guai: ？
20:11 DSLZL          : 来了
20:11 Ruear_Xiao_Guai: 拉铃铛不是会发光吗？
20:11 lishuoning     : 有范围
20:11 DSLZL          : 芜湖
20:13 DSLZL          : 卧槽妈的
20:13 DSLZL          : 斧头
20:13 Ruear_Xiao_Guai: 什么玩意好像升级了？
20:13 lishuoning     : 技能
20:13 DSLZL          : 中毒了
20:13 DSLZL          : 避一会
20:13 lishuoning     : 还有一个
20:14 Ruear_Xiao_Guai: 这背包真sb
20:14 Ruear_Xiao_Guai: 死一次多2个
20:14 DSLZL          : 不知道为什么
20:14 Ruear_Xiao_Guai: 打我一下
20:14 lishuoning     : 敲钟
20:15 DSLZL          : 在看背包
20:15 lishuoning     : 换个地方敲
20:15 Ruear_Xiao_Guai: 打不开了
20:15 Ruear_Xiao_Guai: 怎么删除啊
20:15 DSLZL          : ？
20:16 Ruear_Xiao_Guai: 感觉像个累赘
20:16 lishuoning     : 这背包是末影箱
20:16 lishuoning     : 他把末影箱整的用不了了
20:16 Ruear_Xiao_Guai: 死了背包爆一地
20:16 Ruear_Xiao_Guai: DSLZL
20:16 Ruear_Xiao_Guai: 打我
20:16 DSLZL          : ？
20:16 DSLZL          : 那边
20:16 lishuoning     : 来了
20:17 lishuoning     : 就不能往我这边引吗
20:17 DSLZL          : 你在哪
20:18 DSLZL          : 妈的绝了
20:18 DSLZL          : 好快
20:18 Ruear_Xiao_Guai: 早晚搞个袭击塔
20:18 lishuoning     : 6
20:18 lishuoning     : 失败了
20:18 DSLZL          : 啊？
20:18 Ruear_Xiao_Guai: 村民死光了
20:19 DSLZL          : 那个村民变成tm僵尸了
20:20 Ruear_Xiao_Guai: 睡觉
20:20 lishuoning     : 6
20:21 lishuoning     : zzz
20:21 Ruear_Xiao_Guai: 被苦力怕叫起来了
20:21 DSLZL          : ......
20:21 Ruear_Xiao_Guai: 炸了
20:22 Ruear_Xiao_Guai: 死虚空也在虚空有墓碑？
20:22 DSLZL          : yep
20:23 DSLZL          : 坟头嘛
20:23 lishuoning     : 还是没有鱼
20:24 DSLZL          : 去热带海洋抓就完事了
20:25 Ruear_Xiao_Guai: 有没有防爆？
20:25 lishuoning     : 有
20:25 Ruear_Xiao_Guai: TNT也炸不了？
20:25 lishuoning     : 能
20:26 DSLZL          : 嘿嘿
20:29 Ruear_Xiao_Guai: 这是谁?
20:30 leiling2333    : Ruear_Xiao_Guai语音
20:30 Ruear_Xiao_Guai: ?
20:30 leiling2333    : qq群语音
20:30 lishuoning     : 没在这个群
20:30 Ruear_Xiao_Guai: 他是谁啊？
20:31 leiling2333    : 我是op
20:31 Ruear_Xiao_Guai: ？
20:31 Ruear_Xiao_Guai: 什么意思？》
20:31 leiling2333    : 789669279
20:31 leiling2333    : 加群
20:32 leiling2333    : op=管理员
20:32 DSLZL          : ./animatedscoreboard toggle
20:33 Ruear_Xiao_Guai: ？
20:33 Ruear_Xiao_Guai: 你是管理员？
20:33 leiling2333    : 是的
20:33 Ruear_Xiao_Guai: 整个汉化吧
20:33 leiling2333    : @DSLZL
20:34 leiling2333    : 他是腐竹，找他
20:34 leiling2333    : .
20:34 Ruear_Xiao_Guai: 睡觉
20:34 Ruear_Xiao_Guai: 一会村民全变僵尸了
20:34 DSLZL          : 你也是黑人？
20:34 DSLZL          : 你有没有装个皮肤补丁？
20:35 DSLZL          : 额……
20:35 DSLZL          : 你有没有装个皮肤补丁？
20:35 DSLZL          : ？
20:35 DSLZL          : 6
20:35 leiling2333    : 进语音
20:36 DSLZL          : 有装个皮肤补丁？
20:36 DSLZL          : ？
20:36 DSLZL          : 给点反应呗
20:36 Ruear_Xiao_Guai: ？
20:36 DSLZL          : 有装个皮肤补丁？
20:37 DSLZL          : 没看见嘛？
20:37 leiling2333    : 进语音
20:37 DSLZL          : 还是我发不出来
20:37 Ruear_Xiao_Guai: 不睡觉全靠铁傀儡
20:37 DSLZL          : 睡我床？
20:37 Ruear_Xiao_Guai: 社恐2
20:37 DSLZL          : ？？？
20:37 Ruear_Xiao_Guai: 不仅
20:37 Ruear_Xiao_Guai: 不进
20:37 DSLZL          : 6
20:38 DSLZL          : 皮肤补丁？
20:38 DSLZL          : 算了不指望了
20:39 DSLZL          : 做一下合金装备
20:39 DSLZL          : 寄
20:39 Ruear_Xiao_Guai: 管理员是管什么的？
20:39 DSLZL          : 理员
20:40 Ruear_Xiao_Guai: 管汉化吗？
20:40 DSLZL          : 交给你了
20:40 lishuoning     : 8361 295
20:40 lishuoning     : 6
20:40 Ruear_Xiao_Guai: 汉化在那搞？
20:40 DSLZL          : 手打
20:41 Ruear_Xiao_Guai: 一人一部分吧
20:41 Ruear_Xiao_Guai: 技能从那看？
20:41 DSLZL          : 我汉化了一部分了
20:41 DSLZL          : 技能莫得看
20:41 DSLZL          : 自己了解就行
20:42 DSLZL          : 你申请传过来看看我是不是无头骑士
20:44 Ruear_Xiao_Guai: 配置文件在哪？
20:44 Ruear_Xiao_Guai: DSLZL
20:44 Ruear_Xiao_Guai: 不是丢我了吗？
20:47 DSLZL          : 完犊子
20:47 DSLZL          : ？
20:47 DSLZL          : 你们网络好低
20:47 DSLZL          : 就一格
20:48 DSLZL          : 额
20:48 DSLZL          : 校园网
20:48 DSLZL          : 又睡我床
20:48 DSLZL          : 商人是怎么上去的？
20:49 DSLZL          : 6
20:49 DSLZL          : 吧主做做合金装备任务
20:49 DSLZL          : 修bug了
20:49 Ruear_Xiao_Guai: 贴吧？
20:49 DSLZL          : 你看看我们两称号是什么
20:50 DSLZL          : 头衔
20:50 DSLZL          : 6
20:50 leiling2333    : ,
20:50 Ruear_Xiao_Guai: ？
20:50 DSLZL          : 你看看中文叫什么
20:50 lishuoning     : ？
20:50 Ruear_Xiao_Guai: 什么东西
20:50 DSLZL          : 头衔
20:50 Ruear_Xiao_Guai: 英语个位数你问我英语？
20:50 DSLZL          : 做完就莫得了
20:51 DSLZL          : 第一个就是
20:51 DSLZL          : 如果你完成了
20:51 DSLZL          : 那是我输错id了
20:51 DSLZL          : 我们三都是靠我失误拿到的
20:51 DSLZL          : nnd
20:51 DSLZL          : 现在修了
20:51 Ruear_Xiao_Guai: 这个吧服群人好少
20:51 DSLZL          : ruear只能老老实实挖一千了
20:51 Ruear_Xiao_Guai: ？
20:52 DSLZL          : 怎么不说圣人？
20:52 Ruear_Xiao_Guai: 主线给合金？
20:52 DSLZL          : 哪有什么主线？
20:52 DSLZL          : 我现在达到万分之一了
20:52 DSLZL          : 一万米
20:53 Ruear_Xiao_Guai: 这个群人为什么如此少？
20:53 Ruear_Xiao_Guai placed suspicious WATER_BUCKET @ world: x16164, z-703
20:54 lishuoning     : @Ruear_Xiao_Guai
20:54 lishuoning     : 传过来
20:54 DSLZL          : ？
20:54 DSLZL          : @？
20:54 Ruear_Xiao_Guai placed suspicious WATER_BUCKET @ world: x16163, z-702
20:54 Ruear_Xiao_Guai placed suspicious WATER_BUCKET @ world: x16164, z-702
20:54 Ruear_Xiao_Guai placed suspicious WATER_BUCKET @ world: x16164, z-703
20:56 Ruear_Xiao_Guai placed suspicious WATER_BUCKET @ world: x16168, z-700
20:56 Ruear_Xiao_Guai placed suspicious WATER_BUCKET @ world: x16167, z-700
20:56 Ruear_Xiao_Guai placed suspicious WATER_BUCKET @ world: x16166, z-700
20:57 Ruear_Xiao_Guai placed suspicious WATER_BUCKET @ world: x16171, z-709
20:58 Ruear_Xiao_Guai placed suspicious WATER_BUCKET @ world: x16169, z-703
20:58 Ruear_Xiao_Guai placed suspicious WATER_BUCKET @ world: x16169, z-702
21:00 Ruear_Xiao_Guai placed suspicious WATER_BUCKET @ world: x16167, z-705
21:00 Ruear_Xiao_Guai placed suspicious WATER_BUCKET @ world: x16166, z-705
21:03 DSLZL          : ？
21:03 DSLZL          : 你还敢去古城？
21:04 DSLZL          : 你去转一会服务器就炸了
21:04 DSLZL          : ......
21:04 DSLZL          : .......
21:04 Ruear_Xiao_Guai placed suspicious WATER_BUCKET @ world: x16167, z-700
21:04 Ruear_Xiao_Guai placed suspicious WATER_BUCKET @ world: x16167, z-700
21:05 Ruear_Xiao_Guai placed suspicious WATER_BUCKET @ world: x16166, z-700
21:05 Ruear_Xiao_Guai: ?
21:05 DSLZL          : 谁去古城了？
21:05 DSLZL          : 后台报错日志刷起来了
21:06 DSLZL          : nnd
21:09 DSLZL          : 谁的裤衩子掉我前面了
21:09 DSLZL          : 想起了美好的回忆
21:10 Ruear_Xiao_Guai: ?
21:11 Ruear_Xiao_Guai: 铁傀儡跳了一下
21:11 Ruear_Xiao_Guai: 图腾没了
21:11 lishuoning     : 你哪里来的。】、
21:11 DSLZL          : 虚空和岩浆是我特地开的
21:11 Ruear_Xiao_Guai: 袭击捡的
21:12 Ruear_Xiao_Guai placed suspicious WATER_BUCKET @ world: x16166, z-705
21:12 Ruear_Xiao_Guai placed suspicious WATER_BUCKET @ world: x16167, z-705
21:13 Ruear_Xiao_Guai: ？
21:13 Ruear_Xiao_Guai: 刷线机修了
21:13 lishuoning     : 用不了
21:14 Ruear_Xiao_Guai placed suspicious WATER_BUCKET @ world: x16164, z-702
21:14 Ruear_Xiao_Guai placed suspicious WATER_BUCKET @ world: x16164, z-703
21:14 Ruear_Xiao_Guai: 修了
21:15 Ruear_Xiao_Guai: 但是没有完全修
21:15 Ruear_Xiao_Guai: 修了一半
21:15 Ruear_Xiao_Guai: 去单人耍耍
21:16 DSLZL          : ？
21:16 DSLZL          : 改了一下配置
21:16 DSLZL          : 看看网络怎么样吧
21:17 DSLZL          : 那么我下了
21:17 DSLZL          : 睡了
21:17 DSLZL          : 我不是大学生（doge）
21:20 Ruear_Xiao_Guai: 能用
21:21 Ruear_Xiao_Guai placed suspicious WATER_BUCKET @ world: x16167, z-705
21:21 Ruear_Xiao_Guai placed suspicious WATER_BUCKET @ world: x16166, z-705
21:27 Ruear_Xiao_Guai: 这感觉像个概率问题
21:28 Ruear_Xiao_Guai placed suspicious WATER_BUCKET @ world: x16169, z-702
21:28 Ruear_Xiao_Guai placed suspicious WATER_BUCKET @ world: x16169, z-703
21:32 lishuoning     : 坏消息，沼泽在哪忘记了
21:32 lishuoning     : 下了，困
