15:45 DSLZL     : 妈的
15:45 DSLZL     : 绝了
15:45 DSLZL     : 再重启一次
15:45 DSLZL     : 谁给我三颗钻石？
15:45 DSLZL     : 不是我莫名其妙多了三颗
15:45 DSLZL     : 奥
15:45 DSLZL     : 在线时长奖励
15:48 DSLZL     : 我把坟头从棺材改为另一种坟头了
15:48 DSLZL     : 死了掉头
15:51 DSLZL     : 你现在可以死一死试试
15:51 DSLZL     : 那就标点回来
15:51 DSLZL     : 飞雷神
15:55 DSLZL     : 6
15:56 DSLZL     : 6
15:56 DSLZL     : 试试什么玩意都
16:00 DSLZL     : 回去死一死
16:00 DSLZL     : 我看看有没有东西
16:01 DSLZL     : 也行
16:01 DSLZL     : 没东西就没了
16:02 DSLZL     : 6
16:02 DSLZL     : 蚌埠住了哈哈
16:02 DSLZL     : 6
16:06 DSLZL     : 6
16:06 DSLZL     : 细雪？
16:06 DSLZL     : 地狱有的
16:06 DSLZL     : 不带细雪？
16:10 DSLZL     : nnd
16:10 DSLZL     : 好了叫我
16:10 DSLZL     : 我去犯大吴疆土了
16:21 DSLZL     : 找什么、
16:21 DSLZL     : ？
16:21 DSLZL     : 不能做羊毛？
16:23 DSLZL     : 知天易
16:25 DSLZL     : ？
16:25 leiling2333: 才通天地，逆天改命
16:25 DSLZL      : wc
16:26 DSLZL      : 四个桃子被寒冰剑下了
16:26 leiling2333: hhhhhhhhhhh
16:26 DSLZL      : nnd
16:27 leiling2333: 乔抗克星寒冰剑
16:27 DSLZL      : ？
16:27 leiling2333: 陆抗小乔
16:27 DSLZL      : 我说点台词你们猜人？
16:28 DSLZL      : 丞相助我是谁说的
16:29 leiling2333: 孟获
16:29 DSLZL      : 等候多时，为的就是今日之胜
16:29 DSLZL      : ？
16:30 DSLZL      : 手杀里的
16:30 lishuoning : 钟会
16:30 DSLZL      : 朱桓
16:31 lishuoning placed suspicious LAVA_BUCKET @ world: x11481, z2678
16:31 DSLZL      : 来来，一人一口
16:31 lishuoning : 华佗
16:31 DSLZL      : 不是
16:31 DSLZL      : 我不怎么玩国战
16:32 DSLZL      : 玩八人场
16:32 DSLZL      : 不玩军争就行
16:32 lishuoning : 罚酒三杯，下不为例
16:33 DSLZL      : 不知道艹
16:33 lishuoning : 阚泽
16:33 lishuoning : 诈降的
16:33 lishuoning : 黄盖
16:34 lishuoning : 他在电视里说
16:34 lishuoning : 大丈夫碌碌无为，与朽木腐草何异
16:34 DSLZL      : 一国之事，虽死不必
16:34 DSLZL      : 还是什么来着
16:34 DSLZL      : 最后一个字
16:35 leiling2333: 不露圭角，择时而发
16:35 DSLZL      : 生熏鱼
16:35 leiling2333: 晦养厚积，乘势而起
16:36 DSLZL      : 杀身有地，报国有时
16:36 DSLZL      : 国战的猜不出来
16:36 leiling2333: 钟会啊
16:36 DSLZL      : 不怎么玩国战主要是
16:36 DSLZL      : 杀身有地，报国有时这个呢？
16:36 DSLZL      : 是的
16:37 DSLZL      : 伤敌与千里之外？
16:38 DSLZL      : 吔？这个？
16:38 DSLZL      : 那是凌统
16:38 DSLZL      : 千里之外那个
16:38 DSLZL      : 我说台词捏
16:39 DSLZL      : 复设……
16:40 DSLZL      : 嘿嘿嘿
16:40 DSLZL      : 我有数学家
16:40 DSLZL      : 单挑？
16:40 DSLZL      : 嘿嘿
16:41 DSLZL      : 赤壁在哪烧的？
16:41 DSLZL      : az
16:41 DSLZL      : 刚刚答题太快没看见
16:41 DSLZL      : 那我问问国战的
16:42 DSLZL      : 主公有难，臣子定当一力护援
16:43 DSLZL      : ？？？
16:43 DSLZL      : 姜维见过刘备？
16:43 DSLZL      : ？？？
16:43 DSLZL      : 我去收衣服先
16:48 DSLZL      : 国之大计，审势为先
16:48 leiling2333: 陆逊
16:53 DSLZL      : 背负着火影之名，我不能输
16:53 DSLZL      : 水门的奥义图
16:54 DSLZL      : 江东六郡之卒，怎敌丞相百万雄师
16:55 DSLZL      : 这个是谁？
16:55 lishuoning : 老将军
16:55 lishuoning : 黄老将军
16:55 DSLZL      : 盖子
16:55 DSLZL      : 吾虽……
16:56 leiling2333: 汝等看好了！
16:56 DSLZL      : 吾虽年迈
16:56 DSLZL      : 陆逊？
16:57 leiling2333: 麒麟子孙，终将执掌中原大地
16:57 DSLZL      : 倒不是
16:57 DSLZL      : 嘿嘿
16:57 DSLZL      : 北定中原终有日
16:58 DSLZL      : 蚌埠住了
16:58 DSLZL      : 此时归降或可封赏，及至城破立斩无赦
16:58 lishuoning placed suspicious WATER_BUCKET @ world: x10758, z7180
16:58 DSLZL      : 那是姜维
16:58 lishuoning placed suspicious WATER_BUCKET @ world: x10758, z7183
16:59 leiling2333: 老将虽白发，宝刀刃犹锋
16:59 DSLZL      : 姜维天天都在想中原捏
16:59 DSLZL      : 廖化
16:59 DSLZL      : 此时归降或可封赏，及至城破立斩无赦这个呢？
16:59 lishuoning : 徐晃
17:00 DSLZL      : 6
17:00 leiling2333: 从我大燕者，盖印封爵全族具荣
17:01 DSLZL      : 大燕？
17:02 DSLZL      : 群雄逐鹿之时，正是吾等崭露头角之日
17:02 leiling2333: 哭喊吧，哀求吧，然后死吧
17:02 DSLZL      : 贾
17:02 DSLZL      : md
17:03 leiling2333: 贾诩
17:03 DSLZL      : 妈的我打的yi
17:03 DSLZL      : 夫国之有……
17:04 DSLZL      : yep
17:04 leiling2333: 大千世界，皆是虚幻
17:04 DSLZL      : 左慈？
17:04 DSLZL      : 骆统太强了
17:04 DSLZL      : 我到时候拍卖氪一个
17:05 DSLZL      : 蒸蒸日上嘛
17:05 leiling2333: 情深是，怀若藏句
17:05 DSLZL      : 此祸……
17:05 DSLZL      : 你觉得是谁
17:06 leiling2333: 尝尝这南蛮之地的烈火之刃吧
17:06 DSLZL      : 奥
17:06 DSLZL      : 嘿嘿
17:06 DSLZL      : 猎刃
17:06 DSLZL      : nmd
17:06 DSLZL      : 输入法
17:06 DSLZL      : 倾荡之势已成……
17:07 leiling2333: 杜预
17:08 leiling2333: 冤冤相报，何时能了
17:08 DSLZL      : 有心无力，请罪愿降
17:08 DSLZL      : 貂蝉？
17:09 DSLZL      : 引狼入室，噬脐莫及啊
17:09 leiling2333: 莫言曹魏骁勇将，敢教此刀斩阎罗
17:10 DSLZL      : 看什么看，我刚杀你
17:10 DSLZL      : 敢
17:10 DSLZL      : 嘿嘿
17:10 leiling2333: 马岱
17:11 leiling2333: 吾此套枪法，足称这龙腾新岁
17:12 DSLZL      : 身计国谋，不可两遂
17:12 DSLZL      : 我以为马超
17:12 leiling2333: 此火可助我军大获全胜
17:13 DSLZL      : 嘿嘿
17:13 DSLZL      : 想见圣上？
17:14 DSLZL      : 想见圣上？哼哼哼哼，你怕是没这个福分了
17:14 DSLZL      : 十常侍
17:14 leiling2333: 全线并进，连战克晋
17:14 DSLZL      : 阴间玩意
17:14 DSLZL      : 十常侍
17:15 DSLZL      : 陆抗？
17:15 DSLZL      : .
17:15 leiling2333: 佳节之日
17:15 DSLZL      : 张鲁？
17:15 leiling2333: 谁敢造次
17:16 DSLZL      : 米妹？
17:16 DSLZL      : ？
17:16 DSLZL      : 生熏鱼
17:16 DSLZL      : 卤汁
17:17 leiling2333: 敌军势大与否，无碍我自计定势
17:17 DSLZL      : 只恨箭矢太少，不能射杀汝等
17:17 DSLZL      : 陆逊
17:17 leiling2333: 箭矢充足，尽管取用
17:18 DSLZL      : 审配？
17:18 DSLZL      : 诸葛亮借箭
17:18 DSLZL      : ⚪
17:18 DSLZL      : ⚪
17:18 DSLZL      : mhy
17:19 DSLZL      : 劫……
17:20 leiling2333: 唯望此生，无负士节
17:21 leiling2333: 我，永不背弃
17:21 leiling2333: 君要臣死，臣不得不死
17:22 leiling2333: 大勇若怯，大智如愚
17:23 DSLZL      : 荀攸
17:23 DSLZL      : 不如智迟
17:23 DSLZL      : 明策策9策死
17:24 DSLZL      : 手提玉剑
17:25 DSLZL      : 手提玉剑斥千军
17:25 DSLZL      : ？
17:25 DSLZL      : 不不不
17:25 DSLZL      : 不不不
17:26 DSLZL      : 不信曹
17:26 DSLZL      : 性
17:26 DSLZL      : 姓
17:26 DSLZL      : 6
17:26 leiling2333: 盈盈一笑，娇花照水
17:26 DSLZL      : 小乔？
17:26 DSLZL      : 手提玉剑斥千军，昔日锦鲤化金龙
17:27 DSLZL      : 你多少羊毛？
17:27 DSLZL      : 6
17:27 DSLZL      : 是陆逊
17:27 leiling2333: 得此贤士，如鱼得水
17:27 DSLZL      : 庞统
17:27 DSLZL      : 武陆逊
17:27 DSLZL      : 张飞
17:27 DSLZL      : 的
17:27 DSLZL      : 诸葛亮
17:27 DSLZL      : 我只记得
17:28 DSLZL      : 武陆逊了解过吗？
17:28 leiling2333: 穿心之痛
17:28 DSLZL      : nnd
17:28 DSLZL      : 小生不才，一轮180牌
17:29 DSLZL      : byd
17:29 DSLZL      : 谋关羽虽然强度高但是设计一般啊
17:30 DSLZL      : 也就五转换杀加杀不死
17:30 DSLZL      : 加数值然后限制强度嘛
17:30 DSLZL      : 还不够啊？
17:31 DSLZL      : 666
17:31 leiling2333: 甲胄兵器，按我所说之法分发
17:31 DSLZL      : 666
17:31 DSLZL      : 杜预？
17:31 DSLZL      : 吃饭下了
17:34 leiling2333: 请恕老臣直言
17:37 leiling2333: 愿与将军共图王之霸业
17:37 leiling2333: 大汉中兴，皆系此人
19:58 DSLZL      : ......
20:01 DSLZL      : .....
20:01 DSLZL      : pvp
20:01 leiling2333: ?
20:02 leiling2333: 语音
20:02 DSLZL      : 丢不出来
20:02 DSLZL      : ok
20:02 DSLZL      : 三个钻石
20:02 DSLZL      : 现在对我没用
20:02 DSLZL      : 给你了
20:03 DSLZL      : .
20:03 DSLZL      : 给你个菜
20:04 DSLZL      : 给了
20:05 DSLZL      : 嘎子把任务做完
20:05 DSLZL      : 666
20:05 DSLZL      : 金子还是矿？
20:05 DSLZL      : 666
20:05 DSLZL      : 还行
20:05 DSLZL      : 神卡
20:05 DSLZL      : 查克拉神卡
20:05 DSLZL      : 不是卡牌
20:05 DSLZL      : 你去火影手游
20:06 DSLZL      : 我是暗部构式
20:08 DSLZL      : 任务给的
20:09 DSLZL      : 为啥不盾构冲捏？
20:09 DSLZL      : ？
20:10 DSLZL      : ./q
20:10 DSLZL      : 特别好记了
20:10 DSLZL      : 都大学了
20:11 DSLZL      : 还不会这点初中的东西？
20:11 DSLZL      : 毕竟一个人变量大
20:11 DSLZL      : 之前我弄好就甩手了都嘿嘿
20:12 DSLZL      : 末影箱真不知道好吧
20:12 DSLZL      : 有背包嘛
20:12 DSLZL      : nnd
20:13 DSLZL      : ban了末影箱
20:13 DSLZL      : 换背包
20:13 DSLZL      : 就非常省事了
20:13 DSLZL      : ./bp
20:13 DSLZL      : 嘿嘿
20:15 DSLZL      : 丢完了
20:15 DSLZL      : 再见
20:15 DSLZL      : 统一任务现在
20:16 DSLZL      : 九九八十一嘛
20:16 DSLZL      : 我不到啊
20:16 DSLZL      : 插件又不是我做的
20:16 DSLZL      : 金矿不是块
20:17 DSLZL      : 奥
20:17 DSLZL      : 放九个也不用挖嘛
20:17 DSLZL      : 嘿嘿
20:18 DSLZL      : 金粒那是
20:18 DSLZL      : 好像是的
20:18 DSLZL      : id是nether_gold_ore
20:18 DSLZL      : 不知道有没有加上
20:18 DSLZL      : 不然只能金矿
20:19 DSLZL      : 怕什么
20:19 DSLZL      : 有水基本上无敌
20:19 DSLZL      : 嘿嘿
20:19 DSLZL      : 也不是我加的
20:19 DSLZL      : 不要看我
20:20 DSLZL      : 任务不是我写的
20:20 DSLZL      : 任务还是内置模板
20:20 DSLZL      : 我都没改
20:20 DSLZL      : 绕了一圈嘿嘿
20:20 DSLZL      : 有钻石你也看不见
20:21 DSLZL      : 6
20:21 DSLZL      : 嘿嘿
20:23 DSLZL      : 你现在往左炸
20:23 DSLZL      : 能炸个0
20:23 DSLZL      : 你绕了一个G型了都
20:24 DSLZL      : 两百多块的枭雄你们拿了吗？
20:24 DSLZL      : 刺客信条枭雄
20:24 DSLZL      : 白送两百多块
20:25 DSLZL      : 这是ubi
20:25 DSLZL      : 七宗罪
20:27 DSLZL      : 送辣条
20:28 DSLZL      : ttf2 24块
20:29 DSLZL      : 6
20:29 DSLZL      : 打错人了
20:29 DSLZL      : tab按快了
20:29 DSLZL      : 观察者换回来的
20:31 DSLZL      : 无来源击杀嘿嘿
20:32 DSLZL      : 但是你死了算
20:32 DSLZL      : 6
20:32 DSLZL      : 模板是这样的
20:33 DSLZL      : 难道叫你屠两条龙给你两合金？
20:33 DSLZL      : 6
20:39 DSLZL      : 想念我的钻石大锤，一锤90真伤
20:42 DSLZL      : 重启以加载mod
20:43 DSLZL      : ?
20:43 DSLZL      : 咋滴
20:44 DSLZL      : 客户端不是端？
20:44 DSLZL      : 待会我把我现在用的做成包
20:44 DSLZL      : 神卡
20:44 DSLZL      : 查克拉神卡
20:44 DSLZL      : 不知道b站搜搜
20:44 DSLZL      : 随便看两个上面的视频
21:00 DSLZL      : 坟头捏？
21:00 DSLZL      : 你不死了？
21:00 DSLZL      : 奥
21:01 DSLZL      : 好不好用
21:01 DSLZL      : hh
21:06 DSLZL      : ？
21:07 DSLZL      : 我就剩个手脚了
21:08 DSLZL      : nnd
21:08 DSLZL      : 我真的就剩个手脚艹
21:09 DSLZL      : 群
21:09 DSLZL      : 因为说不出来
21:09 DSLZL      : 因为说不出来
21:09 DSLZL      : 你看看
21:09 DSLZL      : 好像是的
21:11 DSLZL      : 最好带南瓜
21:11 DSLZL      : 菜单的文档我看得懂
21:11 DSLZL      : 但是又完全看不懂
21:12 DSLZL      : 人话：狗运
21:26 DSLZL      : 嘎子
21:26 DSLZL      : 莫得
21:26 DSLZL      : 得权限给
21:26 DSLZL      : 后面再说
21:26 DSLZL      : 嘎子
21:26 DSLZL      : 我看见好玩的
21:26 DSLZL      : 要不要来帮我测试？
21:26 DSLZL      : 蛊人的智慧
21:27 DSLZL      : 我这有约70个蛊
21:27 DSLZL      : 你来不来挑战一下
21:27 DSLZL      : 6
21:30 DSLZL      : ？
21:30 DSLZL      : 6
21:30 DSLZL      : 无头
21:30 DSLZL      : 还有皇帝的新盔甲是吧
21:30 DSLZL      : b站直接搜查克拉神卡就行
21:30 DSLZL      : 蛊人的智慧
21:30 DSLZL      : 插件
21:31 DSLZL      : 你是受害者
21:31 DSLZL      : 我是乐呵的
21:32 DSLZL      : 找块空地
21:32 DSLZL      : 啊？
21:32 DSLZL      : 第一或者第二个视频就是了
21:32 DSLZL      : ？
21:32 DSLZL      : ？
21:32 DSLZL      : 你卡了呗
21:33 DSLZL      : 少于三次
21:33 DSLZL      : 死亡
21:33 DSLZL      : 来这
21:33 lishuoning placed suspicious WATER_BUCKET @ world: x39939, z40015
21:34 DSLZL      : 你看我是完整的皮肤嘛、
21:34 DSLZL      : ？
21:34 DSLZL      : 我这就剩手脚啊
21:34 DSLZL      : 开始？
21:34 DSLZL      : 第一个
21:34 DSLZL      : 你去哪
21:34 DSLZL      : 那
21:34 lishuoning placed suspicious WATER_BUCKET @ world: x39926, z40020
21:34 DSLZL      : .......
21:34 DSLZL      : 不行啊你
21:36 DSLZL      : 嘿嘿
21:36 DSLZL      : 假的
21:36 DSLZL      : 神卡捏？
21:36 DSLZL      : .....
21:36 DSLZL      : 五个字就
21:36 DSLZL      : 查克拉神卡
21:36 DSLZL      : 666
21:37 DSLZL      : 就五个字
21:37 DSLZL      : 也行
21:38 lishuoning :  placed a sign @ world: x39928, z40017
  NOOB
21:38 DSLZL      : 人呐？
21:38 DSLZL      : tpa
21:43 DSLZL      : 是不是被清了
21:44 DSLZL      : 洗洗睡了
21:44 DSLZL      : 明天见
