10:21 DSLZL      : 嘎子继续？
10:21 DSLZL      : 哈哈哈哈
10:23 DSLZL      : 给你个好看的？
10:25 DSLZL      : 嘎子
10:25 DSLZL      : 如果说我给你三分钟的箭雨
10:25 DSLZL      : 你不能挡着
10:25 DSLZL      : 你能活不？
10:26 DSLZL      : 命中率感人
10:32 DSLZL      : 真能活呐？
10:33 lishuoning : 不能
10:33 DSLZL      : 6
10:33 DSLZL      : 三分钟给你扩大背包
10:33 lishuoning : 真的？
10:34 DSLZL      : yep
10:34 lishuoning : 来
10:34 DSLZL      : 无阻挡
10:34 DSLZL      : 其他的随便
10:34 lishuoning : liba
10:34 DSLZL      : 找块空地
10:35 DSLZL      : start？
10:35 lishuoning : 白天了吧
10:35 DSLZL      : .
10:35 DSLZL      : 睡觉
10:35 lishuoning : 睡不了
10:35 DSLZL      : ？
10:36 lishuoning : 那看我有床吗
10:36 DSLZL      : 6
10:36 lishuoning : 来来来让我看看剑雨
10:36 DSLZL      : hh
10:36 DSLZL      : 那我计时了
10:40 DSLZL      : 太简单了？
10:40 lishuoning : 不简单
10:40 DSLZL      : ？
10:40 lishuoning : 我都快没血了
10:40 DSLZL      : 6
10:40 DSLZL      : 6
10:41 DSLZL      : 修一修
10:41 DSLZL      : 给你背包升级一下
10:41 lishuoning : 包怎么升级
10:42 DSLZL      : 看看背包
10:42 lishuoning : 变大了点
10:42 DSLZL      : .
10:42 DSLZL      : 要不要继续升？
10:42 lishuoning : 要
10:42 DSLZL      : 稍等
10:43 DSLZL      : 这次是这个
10:43 lishuoning : 6
10:43 lishuoning : 试试
10:44 DSLZL      : 给你扩大两行
10:44 DSLZL      : 三分钟？
10:44 lishuoning : lai
10:44 DSLZL      : 不要跑太远
10:44 DSLZL      : 不好清理
10:47 lishuoning : 这个比我想的简单
10:47 lishuoning : 站着不动就行
10:47 DSLZL      : 确实
10:47 leiling2333: 把铁砧清除掉
10:49 DSLZL      : 试试看
10:50 lishuoning : 什么
10:50 DSLZL      : .......
10:50 lishuoning : 变大了
10:50 lishuoning : 肚子痛。
10:50 DSLZL      : 6
10:50 DSLZL      : 辣条吃多了
10:50 DSLZL      : QQ没声音捏？
10:54 DSLZL      : QQ没声音捏？
10:54 DSLZL      : 6
10:54 DSLZL      : 我以为我聋了
10:55 DSLZL      : 日常去贴吧拉人
11:16 DSLZL      : ｗｈａｔ ｈａｐｐｅｎｄ？
11:16 leiling2333: ?
11:16 DSLZL      : 圣诞节
11:16 lishuoning : ?
11:16 DSLZL      : 看看创造模式物品栏右下角
11:16 lishuoning : 别胡闹这是地狱
11:17 DSLZL      : 登录奖励捏
11:17 DSLZL      : 我的给你了
11:17 DSLZL      : a
11:22 lishuoning : 我找到我第一天做的地狱门了
11:26 lishuoning : 看来我这
11:26 DSLZL      : 6
11:27 DSLZL      : 圣诞节礼盒嘿嘿
11:27 DSLZL      : 我去看插件去了
11:27 DSLZL      : 现在没剩几个
11:27 DSLZL      : 就加个菜单
11:27 lishuoning : 我去地狱浪
11:27 DSLZL      : 多世界
11:27 DSLZL      : 还有点辅助的
11:27 DSLZL      : 没了
11:38 DSLZL      : ｗｃ
11:38 DSLZL      : 燃起来了
11:38 DSLZL      : 上号
11:44 DSLZL      : 来一手查克拉神卡
11:49 DSLZL      : 没豆了
11:49 DSLZL      : ｎｎｄ
11:49 DSLZL      : 不玩了
12:00 DSLZL      : 吃饭
12:00 DSLZL      : 待会来
12:14 lishuoning : 吓死我了
12:14 lishuoning : huhuhu
12:14 lishuoning : 还好是合金套
12:31 lishuoning : 掉岩浆了
14:08 DSLZL      : 任务？
14:08 lishuoning : 没有金矿
14:10 DSLZL      : 6
14:10 DSLZL      : 找呗
14:10 lishuoning : 懒
14:10 lishuoning : 地狱的金子我都挖三组了
14:10 DSLZL      : 下矿就有了
14:13 lishuoning : 63血的僵尸
14:18 DSLZL      : 去汉化一下插件先
14:18 DSLZL      : 有什么能经常看到的？
14:19 lishuoning : ?
14:20 DSLZL      : 嘎子
14:20 DSLZL      : 无聊
14:20 DSLZL      : 要不要升背包？
14:20 lishuoning : 经验不要背包
14:20 DSLZL      : 也行
14:25 DSLZL      : 好了就叫我
14:27 lishuoning : 好了
14:28 DSLZL      : 嘎子
14:28 DSLZL      : 来整个活
14:28 lishuoning : ?
14:28 DSLZL      : 找块空地
14:28 lishuoning : 我懒你找吧
14:28 DSLZL      : .
14:30 DSLZL      : tpa
14:30 DSLZL      : 这样
14:30 DSLZL      : 我说说哈
14:31 DSLZL      : 每轮十个同种生物
14:31 DSLZL      : 你可以从我这要五个物品栏的物资补给
14:31 DSLZL      : 没死你可以保留带回去
14:31 DSLZL      : 死了结束
14:31 DSLZL      : how？
14:31 lishuoning : 一共几轮
14:32 DSLZL      : 直到没有种类或者你死了
14:32 lishuoning : 行吧
14:32 DSLZL      : 你东西给我
14:32 DSLZL      : 怕你被清了
14:32 DSLZL      : 待会又
14:32 lishuoning : 什么东西
14:32 DSLZL      : 身上的
14:32 DSLZL      : 我塞背包里
14:33 DSLZL      : 莫得了？
14:33 lishuoning : 没了
14:33 lishuoning : 然后呢
14:33 DSLZL      : 十个悦灵
14:33 DSLZL      : 简历关
14:33 DSLZL      : 奖励
14:33 lishuoning : 那玩意有什么用
14:33 DSLZL      : 你要什么
14:33 DSLZL      : 打死
14:33 lishuoning : 剑
14:34 DSLZL      : 可以保留从我这要的东西
14:34 lishuoning : 弓
14:34 DSLZL      : 五个物品栏
14:34 DSLZL      : 只能
14:34 DSLZL      : 保留的东西可以选择下一轮或者让我保管
14:34 DSLZL      : 什么剑？
14:34 lishuoning : 合金的啊
14:34 lishuoning : 越高越好嘿嘿
14:35 DSLZL      : 还有三个
14:35 lishuoning : 箭
14:35 DSLZL      : 没了？
14:35 lishuoning : 盾
14:35 DSLZL      : 还可以要两个、
14:35 lishuoning : 金屁股
14:36 DSLZL      : 妈的奖励关绝了
14:36 DSLZL      : 谁让第一个是这玩意
14:36 DSLZL      : 哥们箭术不太行
14:37 DSLZL      : 俺也一样
14:37 DSLZL      : 6
14:37 lishuoning : 6
14:37 DSLZL      : 蚌埠住了
14:38 DSLZL      : 你打的死嘛？
14:38 DSLZL      : 你打一下八血
14:38 lishuoning : .....
14:39 lishuoning : 换个？
14:39 DSLZL      : 他三四秒就回回来了
14:39 DSLZL      : 也行
14:39 DSLZL      : 那这次就是失败了
14:39 lishuoning : 行
14:39 DSLZL      : 十个美西螈
14:39 DSLZL      : 这不好？
14:39 lishuoning : 那玩意不好打吗
14:39 DSLZL      : 不知道
14:39 DSLZL      : 五个
14:40 DSLZL      : 语音说嘛
14:40 DSLZL      : 不打字就
14:40 lishuoning : 刚才的5个
14:41 DSLZL      : 没了
14:41 DSLZL      : 要保留什么？
14:41 DSLZL      : 十个蝙蝠
14:41 DSLZL      : 6
14:41 DSLZL      : 五个
14:41 DSLZL      : 说啊
14:42 DSLZL      : 每轮都能
14:42 DSLZL      : ？
14:42 DSLZL      : 6
14:43 DSLZL      : 好怪这个蝙蝠的模型
14:43 DSLZL      : 有耳朵了
14:44 DSLZL      : 嘎子
14:44 DSLZL      : 十个凋零或者末影龙或者监守者你怎么打？
14:44 DSLZL      : 直接投了？
14:44 DSLZL      : 哈哈
14:45 DSLZL      : 6
14:45 DSLZL      : 给你拉回来
14:46 DSLZL      : 6
14:46 DSLZL      : ess改了tp
14:46 DSLZL      : 拉不回来
14:46 DSLZL      : 改格式了
14:47 DSLZL      : 几个、
14:47 DSLZL      : 嘿嘿嘿
14:47 DSLZL      : 没箭你就捉不到了
14:48 DSLZL      : 现在几个？
14:48 DSLZL      : 杀了
14:48 DSLZL      : 6
14:48 DSLZL      : 全飞走了
14:48 DSLZL      : 怎么说
14:49 DSLZL      : 换一个吧
14:49 DSLZL      : 怎么说
14:49 lishuoning : 换
14:49 DSLZL      : 你觉得输了还是赢了
14:49 DSLZL      : 那就丢一半留一半
14:50 DSLZL      : 十个bee
14:50 DSLZL      : 要啊
14:50 DSLZL      : 每轮
14:50 DSLZL      : 这么好的机会不要？
14:50 DSLZL      : 吃的
14:51 DSLZL      : 动物不会动都
14:51 DSLZL      : 简单不
14:51 DSLZL      : 6
14:51 DSLZL      : 确实
14:51 DSLZL      : 留什么？
14:52 DSLZL      : 十个烈焰人
14:52 DSLZL      : .....
14:52 DSLZL      : 6666
14:52 lishuoning placed suspicious WATER_BUCKET @ world: x12931, z185
14:52 DSLZL      : 6
14:53 DSLZL      : 寄了嘎子
14:53 DSLZL      : 6
14:54 DSLZL      : 怎么说
14:54 DSLZL      : 怎么寄这么快
14:55 DSLZL      : 你都丢哪了
14:55 lishuoning : 没了
14:55 DSLZL      : 战利品
14:55 DSLZL      : 一组苹果
14:55 DSLZL      : 还行？
14:56 DSLZL      : 让我
14:56 DSLZL      : 找金矿去
14:56 DSLZL      : 任务
14:56 DSLZL      : 6
15:01 DSLZL      : 又在干啥？
15:11 DSLZL      : ？
15:11 DSLZL      : 怕什么
15:13 DSLZL      : 这个大一点的
15:14 DSLZL      : 有弩啊嘎子
15:17 DSLZL      : 还是你鸡哥牛逼
15:23 DSLZL      : 艹
15:24 DSLZL      : 摸了两副牌堆才把地主打死
15:45 DSLZL      : 哇
15:45 DSLZL      : 老苟
15:45 DSLZL      : 哈哈
15:45 DSLZL      : 夫……
15:46 DSLZL      : 6
15:47 DSLZL      : 一个够麻烦的
15:47 DSLZL      : 哈哈
15:48 DSLZL      : ok？
15:48 DSLZL      : 6
15:49 DSLZL      : ？
15:49 DSLZL      : 怪
15:51 DSLZL      : 只用打三个怪
15:51 DSLZL      : jjdd
15:51 DSLZL      : ？
15:53 DSLZL      : 任务没接？
15:53 DSLZL      : 6666
15:54 DSLZL      : 6
15:55 DSLZL      : 我看看哈
16:04 DSLZL      : .
16:07 DSLZL      : 重启以载入新任务和插件
16:07 DSLZL      : 写了个任务
16:07 DSLZL      : 你看看能不能接
16:09 DSLZL     : 棒极了
16:09 DSLZL     : 忘记加到菜单去了
16:17 DSLZL     : 重启以启用新任务索引
16:18 DSLZL     : 怎么样？
16:18 DSLZL     : 屌爆了
16:18 DSLZL     : 怎么样？
16:18 DSLZL     : 有没有看见什么
16:19 DSLZL     : 任务
16:19 DSLZL     : q
16:19 DSLZL     : nnd
16:19 DSLZL     : 写错了
16:21 DSLZL     : 但是任务没有热加载
16:22 DSLZL     : yep
16:23 DSLZL     : ？
16:24 DSLZL     : 这个被认领咯
16:24 DSLZL     : 因为这是你的
16:24 DSLZL     : 可以忽略
16:24 DSLZL     : 最好一行
16:24 DSLZL     : 后
16:24 DSLZL     : 可以主人给访问
16:25 DSLZL     : 莫得了
16:25 DSLZL     : 那玩意没写好
16:25 DSLZL     : 有了ess
16:25 DSLZL     : 全部都有给权限
16:25 DSLZL     : 要
16:25 DSLZL     : 因为默认什么都没有
16:25 DSLZL     : 得看你来编写权限组了
16:25 DSLZL     : 我先搞搞菜
16:26 DSLZL     : 十分钟左右来
16:34 DSLZL     : ？
16:38 DSLZL     : 随身钟哈哈
16:38 DSLZL     : 吗？
16:38 DSLZL     : 之前你不知道？
16:42 DSLZL     : ？
16:43 DSLZL     : 重启？
16:43 DSLZL     : 任务空白
16:43 DSLZL     : 你看看
16:43 DSLZL     : 我的问题
16:43 DSLZL     : 格式写错了
16:43 DSLZL     : 我看看能不能热加载吧
16:47 DSLZL     : ？
16:47 DSLZL     : nnd
16:48 DSLZL     : 热加载给我抠出来了
16:48 DSLZL     : 不用重启了
16:48 DSLZL     : 没有
16:48 DSLZL     : 我知道
16:48 DSLZL     : 但是这个藏起来了
16:48 DSLZL     : BV1gp4y1u7gS
16:49 DSLZL     : .....
17:06 DSLZL     : 啊啊啊啊啊啊啊啊
17:07 DSLZL     : 怎么有nm块石头啊
17:07 DSLZL     : 看看任务
17:09 DSLZL     : 这石头是哪来的啊
17:10 DSLZL     : better and better
17:10 DSLZL     : gogogo
17:10 DSLZL     : 去吧
17:10 DSLZL     : 只是一千
17:11 DSLZL     : 去吧
17:11 DSLZL     : 相信你
17:11 DSLZL     : 和snake一样坚强
17:12 DSLZL     : 挖一千换一个头衔
17:12 DSLZL     : 撅了
17:12 DSLZL     : 所以只是一千
17:12 DSLZL     : 还是个头衔而已
17:13 DSLZL     : 因为那个配置了可重复
17:13 DSLZL     : 毕竟都是example
17:13 DSLZL     : 我后面改
17:14 DSLZL     : 让我看看哈
17:18 DSLZL     : 现在呢
17:18 DSLZL     : 难多了吧
17:19 DSLZL     : 看看金任务
17:19 DSLZL     : 金子可以刷猪人塔刷
17:19 DSLZL     : 金矿就不行了
17:20 DSLZL     : 地狱金矿搞金块就行
17:21 DSLZL     : ？
17:21 DSLZL     : ？？、
17:21 DSLZL     : ？
17:21 DSLZL     : 没听懂
17:21 DSLZL     : 奥
17:21 DSLZL     : 哪呢
17:21 DSLZL     : 截图看看
17:21 leiling2333: You have no rewards to collect
17:21 DSLZL      : yep
17:22 DSLZL      : 自动领取领完了
17:22 DSLZL      : 下一次循环就说没有呗
17:22 DSLZL      : 那啥
17:22 DSLZL      : 合金装备做做
17:22 DSLZL      : 吃饭去了
17:23 DSLZL      : 希望msds在我回来的时候有这个头衔[下了]
17:23 DSLZL      : 【doge】
18:54 lishuoning : ？
18:54 lishuoning : 听不到了？
19:13 DSLZL      : 就是怕人打架打一半跑了
19:13 DSLZL      : 所以用了这玩意
19:15 lishuoning placed suspicious WATER_BUCKET @ world: x13464, z-45994
19:16 DSLZL      : 6
19:16 DSLZL      : ？
19:19 DSLZL      : 6
19:20 DSLZL      : ？
19:20 DSLZL      : 打得越多皮越厚嘛
19:21 DSLZL      : ？
19:22 DSLZL      : ？
19:35 DSLZL      : 做了个长期任务
19:35 DSLZL      : 各位可以看看
19:36 lishuoning : 我看懂了钓鱼7级后双倍掉落物
19:36 lishuoning : 嘎嘎嘎
19:36 lishuoning : 钓鱼
19:36 DSLZL      : .
19:36 DSLZL      : 看看任务去吧
19:36 DSLZL      : ？
19:36 DSLZL      : 那是分类
19:37 DSLZL      : 你倒是进去看
19:37 DSLZL      : 哈哈
19:37 DSLZL      : 还有呢
19:38 DSLZL      : 我限定了只能走奥
19:38 DSLZL      : 游
19:38 DSLZL      : 飞
19:38 DSLZL      : 矿车
19:38 DSLZL      : 什么都不行
19:38 DSLZL      : 只能走
19:38 DSLZL      : 不然什么是行？
19:39 DSLZL      : 哈哈
19:39 DSLZL      : 等等哈
19:40 DSLZL      : 你只需要无时无刻
19:40 DSLZL      : 疾跑
19:40 DSLZL      : 跑231.481……天就行
19:41 DSLZL      : ？
19:41 DSLZL      : 所以是长期任务
19:41 DSLZL      : 而且头衔是圣人
19:41 DSLZL      : 基本上不可能完成
19:41 DSLZL      : 拿来摆的
19:41 leiling2333: 把2次方去掉
19:41 DSLZL      : 我怎么掉下去了
19:41 DSLZL      : 动画好评
19:42 DSLZL      : 那我再加一个简单点的任务
19:49 DSLZL      : 6
19:52 lishuoning : 附近有古城吗
19:52 DSLZL      : 我怎么知道
19:55 DSLZL      : impossible quest
20:30 DSLZL      : 洗洗睡了
20:40 lishuoning : 放个刷怪笼我看看能不能能抱起来
20:41 lishuoning : 哥哥快放一个嘛
20:43 lishuoning : 刷怪笼
20:43 lishuoning : 我看看能不能挖
20:43 lishuoning : ?
20:43 lishuoning : 技能是假的？
20:46 lishuoning : 真开出苦力怕；
21:00 lishuoning : 有古城吗附近
21:04 lishuoning : 出来了
21:27 lishuoning : 你去打死他？
21:58 lishuoning :  placed a sign @ world: x8364, z149
  经验修补
