[10:11:16] ---- BEAUTYQUESTS LOGGER - OPENED Fri Dec 29 10:11:16 CST 2023 ----
[10:11:29] [INFO] Enabling BeautyQuests v1.0.1
[10:11:29] [INFO] ------------ BeautyQuests ------------
[10:11:29] [DEBUG] Paper detected.
[10:11:29] [INFO] Loaded valid Minecraft version 1_20_R3.
[10:11:29] [DEBUG] Loading data file, last time edited : Fri Dec 29 10:10:44 CST 2023
[10:11:29] [INFO] Loaded language en_US (0.011s)!
[10:11:29] [INFO] Loaded start particles: REDSTONE in shape POINT with color R255 G255 B0
[10:11:29] [INFO] Loaded talk particles: VILLAGER_HAPPY in shape BAR
[10:11:29] [INFO] Loaded next particles: SMOKE_NORMAL in shape SPOT
[10:11:29] [DEBUG] Initializing default stage types.
[10:11:30] [DEBUG] Stage registered (Mobs, 0)
[10:11:30] [DEBUG] Stage registered (Mine, 1)
[10:11:30] [DEBUG] Stage registered (Place, 2)
[10:11:30] [DEBUG] Stage registered (Chat, 3)
[10:11:30] [DEBUG] Stage registered (InteractBlock, 4)
[10:11:30] [DEBUG] Stage registered (InteractLocation, 5)
[10:11:30] [DEBUG] Stage registered (Fish, 6)
[10:11:30] [DEBUG] Stage registered (Melt, 7)
[10:11:30] [DEBUG] Stage registered (Enchant, 8)
[10:11:30] [DEBUG] Stage registered (Craft, 9)
[10:11:30] [DEBUG] Stage registered (Bucket, 10)
[10:11:30] [DEBUG] Stage registered (StageLocation, 11)
[10:11:30] [DEBUG] Stage registered (PlayTime, 12)
[10:11:30] [DEBUG] Stage registered (Breed, 13)
[10:11:30] [DEBUG] Stage registered (Tame, 14)
[10:11:30] [DEBUG] Stage registered (Death, 15)
[10:11:30] [DEBUG] Stage registered (DealDamage, 16)
[10:11:30] [DEBUG] Stage registered (EatDrink, 17)
[10:11:30] [DEBUG] Initializing default quest options.
[10:11:30] [DEBUG] Quest option registered (id: pool)
[10:11:30] [DEBUG] Quest option registered (id: name)
[10:11:30] [DEBUG] Quest option registered (id: description)
[10:11:30] [DEBUG] Quest option registered (id: customItem)
[10:11:30] [DEBUG] Quest option registered (id: confirmMessage)
[10:11:30] [DEBUG] Quest option registered (id: bypassLimit)
[10:11:30] [DEBUG] Quest option registered (id: startableFromGUI)
[10:11:30] [DEBUG] Quest option registered (id: failOnDeath)
[10:11:30] [DEBUG] Quest option registered (id: cancellable)
[10:11:30] [DEBUG] Quest option registered (id: cancelActions)
[10:11:30] [DEBUG] Quest option registered (id: scoreboard)
[10:11:30] [DEBUG] Quest option registered (id: hideNoRequirements)
[10:11:30] [DEBUG] Quest option registered (id: auto)
[10:11:30] [DEBUG] Quest option registered (id: repeatable)
[10:11:30] [DEBUG] Quest option registered (id: timer)
[10:11:30] [DEBUG] Quest option registered (id: visibility)
[10:11:30] [DEBUG] Quest option registered (id: endSound)
[10:11:30] [DEBUG] Quest option registered (id: firework)
[10:11:30] [DEBUG] Quest option registered (id: requirements)
[10:11:30] [DEBUG] Quest option registered (id: startRewards)
[10:11:30] [DEBUG] Quest option registered (id: startMessage)
[10:11:30] [DEBUG] Quest option registered (id: endRewards)
[10:11:30] [DEBUG] Quest option registered (id: endMsg)
[10:11:30] [DEBUG] Initializing default item comparisons.
[10:11:30] [DEBUG] Item comparison registered (id: bukkit)
[10:11:30] [DEBUG] Item comparison registered (id: customBukkit)
[10:11:30] [DEBUG] Item comparison registered (id: material)
[10:11:30] [DEBUG] Item comparison registered (id: name)
[10:11:30] [DEBUG] Item comparison registered (id: lore)
[10:11:30] [DEBUG] Item comparison registered (id: enchants)
[10:11:30] [DEBUG] Item comparison registered (id: repair)
[10:11:30] [DEBUG] Initializing default rewards.
[10:11:30] [DEBUG] Quest object registered in registry rewards (id: commandReward, class: fr.skytasul.quests.rewards.CommandReward)
[10:11:30] [DEBUG] Quest object registered in registry rewards (id: itemReward, class: fr.skytasul.quests.rewards.ItemReward)
[10:11:30] [DEBUG] Quest object registered in registry rewards (id: removeItemsReward, class: fr.skytasul.quests.rewards.RemoveItemsReward)
[10:11:30] [DEBUG] Quest object registered in registry rewards (id: textReward, class: fr.skytasul.quests.rewards.MessageReward)
[10:11:30] [DEBUG] Quest object registered in registry rewards (id: tpReward, class: fr.skytasul.quests.rewards.TeleportationReward)
[10:11:30] [DEBUG] Quest object registered in registry rewards (id: expReward, class: fr.skytasul.quests.rewards.XPReward)
[10:11:30] [DEBUG] Quest object registered in registry rewards (id: checkpointReward, class: fr.skytasul.quests.rewards.CheckpointReward)
[10:11:30] [DEBUG] Quest object registered in registry rewards (id: questStopReward, class: fr.skytasul.quests.rewards.QuestStopReward)
[10:11:30] [DEBUG] Quest object registered in registry rewards (id: requirementDependentReward, class: fr.skytasul.quests.rewards.RequirementDependentReward)
[10:11:30] [DEBUG] Quest object registered in registry rewards (id: randomReward, class: fr.skytasul.quests.rewards.RandomReward)
[10:11:30] [DEBUG] Quest object registered in registry rewards (id: wait, class: fr.skytasul.quests.rewards.WaitReward)
[10:11:30] [DEBUG] Quest object registered in registry rewards (id: titleReward, class: fr.skytasul.quests.rewards.TitleReward)
[10:11:30] [DEBUG] Initializing default requirements.
[10:11:30] [DEBUG] Quest object registered in registry requirements (id: logicalOr, class: fr.skytasul.quests.requirements.logical.LogicalOrRequirement)
[10:11:30] [DEBUG] Quest object registered in registry requirements (id: questRequired, class: fr.skytasul.quests.requirements.QuestRequirement)
[10:11:30] [DEBUG] Quest object registered in registry requirements (id: levelRequired, class: fr.skytasul.quests.requirements.LevelRequirement)
[10:11:30] [DEBUG] Quest object registered in registry requirements (id: permissionRequired, class: fr.skytasul.quests.requirements.PermissionsRequirement)
[10:11:30] [DEBUG] Quest object registered in registry requirements (id: scoreboardRequired, class: fr.skytasul.quests.requirements.ScoreboardRequirement)
[10:11:30] [DEBUG] Quest object registered in registry requirements (id: equipmentRequired, class: fr.skytasul.quests.requirements.EquipmentRequirement)
[10:11:30] [DEBUG] Initializing default stage options.
[10:11:30] [DEBUG] Quest object registered in registry stage-options-MOBS (id: progressbar, class: fr.skytasul.quests.stages.options.StageOptionProgressBar)
[10:11:30] [DEBUG] Quest object registered in registry stage-options-MINE (id: progressbar, class: fr.skytasul.quests.stages.options.StageOptionProgressBar)
[10:11:30] [DEBUG] Quest object registered in registry stage-options-PLACE_BLOCKS (id: progressbar, class: fr.skytasul.quests.stages.options.StageOptionProgressBar)
[10:11:30] [DEBUG] Quest object registered in registry stage-options-FISH (id: progressbar, class: fr.skytasul.quests.stages.options.StageOptionProgressBar)
[10:11:30] [DEBUG] Quest object registered in registry stage-options-MELT (id: progressbar, class: fr.skytasul.quests.stages.options.StageOptionProgressBar)
[10:11:30] [DEBUG] Quest object registered in registry stage-options-ENCHANT (id: progressbar, class: fr.skytasul.quests.stages.options.StageOptionProgressBar)
[10:11:30] [DEBUG] Quest object registered in registry stage-options-CRAFT (id: progressbar, class: fr.skytasul.quests.stages.options.StageOptionProgressBar)
[10:11:30] [DEBUG] Quest object registered in registry stage-options-BUCKET (id: progressbar, class: fr.skytasul.quests.stages.options.StageOptionProgressBar)
[10:11:30] [DEBUG] Quest object registered in registry stage-options-PLAY_TIME (id: progressbar, class: fr.skytasul.quests.stages.options.StageOptionProgressBar)
[10:11:30] [DEBUG] Quest object registered in registry stage-options-BREED (id: progressbar, class: fr.skytasul.quests.stages.options.StageOptionProgressBar)
[10:11:30] [DEBUG] Quest object registered in registry stage-options-TAME (id: progressbar, class: fr.skytasul.quests.stages.options.StageOptionProgressBar)
[10:11:30] [DEBUG] Quest object registered in registry stage-options-DEAL_DAMAGE (id: progressbar, class: fr.skytasul.quests.stages.options.StageOptionProgressBar)
[10:11:30] [DEBUG] Quest object registered in registry stage-options-EAT_DRINK (id: progressbar, class: fr.skytasul.quests.stages.options.StageOptionProgressBar)
[10:11:30] [DEBUG] Initializing default miscellenaeous.
[10:11:30] [DEBUG] Mob factory registered (id: bukkitEntity)
[10:11:30] [DEBUG] Bossbars manager has been registered: fr.skytasul.quests.utils.compatibility.BQBossBarImplementation
[10:11:30] [DEBUG] Brigadier registered!
[10:11:30] [DEBUG] Hooked into [Vault] v1.7.3-b131
[10:11:30] [DEBUG] Hooked into [PlaceholderAPI] v2.11.5
[10:11:30] [DEBUG] Hooked into [WorldGuard] v7.0.9+5934e49
[10:11:30] [DEBUG] Quest object registered in registry rewards (id: moneyReward, class: fr.skytasul.quests.integrations.vault.economy.MoneyReward)
[10:11:30] [DEBUG] Quest object registered in registry rewards (id: permReward, class: fr.skytasul.quests.integrations.vault.permission.PermissionReward)
[10:11:30] [DEBUG] Quest object registered in registry requirements (id: moneyRequired, class: fr.skytasul.quests.integrations.vault.economy.MoneyRequirement)
[10:11:30] [INFO] Placeholders registered !
[10:11:30] [DEBUG] Quest object registered in registry requirements (id: placeholderRequired, class: fr.skytasul.quests.integrations.placeholders.PlaceholderRequirement)
[10:11:30] [DEBUG] Now using WorldGuard entry API.
[10:11:30] [DEBUG] Stage registered (Find, 18)
[10:11:30] [DEBUG] Quest object registered in registry requirements (id: regionRequired, class: fr.skytasul.quests.integrations.worldguard.RegionRequirement)
[10:11:30] [DEBUG] Started bStats metrics
[10:11:30] [DEBUG] Starting Spigot updater
[10:11:31] [DEBUG] 0 accounts loaded and 11 identifiers.
[10:11:31] [DEBUG] Registered 5 lines in scoreboard
[10:11:31] [INFO] 0 quests loaded (0.01s)!
[10:11:31] [INFO] Periodic saves task started (18000 ticks). Task ID: 441
[10:11:32] [INFO] You are using the latest version of BeautyQuests.
[10:26:31] [DEBUG] Saving 0 loaded accounts and 11 identifiers.
[10:26:31] [DEBUG] Saved datas (0.001s)!
[10:26:31] [INFO] Datas saved ~ periodic save
[10:41:31] [DEBUG] Saving 0 loaded accounts and 11 identifiers.
[10:41:31] [DEBUG] Saved datas (0.001s)!
[10:41:31] [INFO] Datas saved ~ periodic save
[10:56:31] [DEBUG] Saving 0 loaded accounts and 11 identifiers.
[10:56:31] [DEBUG] Saved datas (0.0s)!
[10:56:31] [INFO] Datas saved ~ periodic save
[11:11:31] [DEBUG] Saving 0 loaded accounts and 11 identifiers.
[11:11:31] [DEBUG] Saved datas (0.001s)!
[11:11:31] [INFO] Datas saved ~ periodic save
[11:26:31] [DEBUG] Saving 0 loaded accounts and 11 identifiers.
[11:26:31] [DEBUG] Saved datas (0.0s)!
[11:26:31] [INFO] Datas saved ~ periodic save
[11:41:31] [DEBUG] Saving 0 loaded accounts and 11 identifiers.
[11:41:31] [DEBUG] Saved datas (0.0s)!
[11:41:31] [INFO] Datas saved ~ periodic save
[11:56:31] [DEBUG] Saving 0 loaded accounts and 11 identifiers.
[11:56:31] [DEBUG] Saved datas (0.001s)!
[11:56:31] [INFO] Datas saved ~ periodic save
[12:11:31] [DEBUG] Saving 0 loaded accounts and 11 identifiers.
[12:11:31] [DEBUG] Saved datas (0.001s)!
[12:11:31] [INFO] Datas saved ~ periodic save
[12:26:31] [DEBUG] Saving 0 loaded accounts and 11 identifiers.
[12:26:31] [DEBUG] Saved datas (0.0s)!
[12:26:31] [INFO] Datas saved ~ periodic save
[12:36:38] [DEBUG] lishuoning (a9e84f2a-b34b-400f-b455-155f6a0231bf) joined the server
[12:36:38] [DEBUG] Loading player lishuoning...
[12:36:38] [DEBUG] Loading account #1. Last file edition: Thu Dec 28 21:32:51 CST 2023
[12:36:38] [DEBUG] Completed load of lishuoning (a9e84f2a-b34b-400f-b455-155f6a0231bf (#1)) datas within 204 ms (0 quests, 0 pools) | Loaded from file from index
[12:41:31] [DEBUG] Saving 1 loaded accounts and 11 identifiers.
[12:41:31] [DEBUG] Saved datas (0.002s)!
[12:41:31] [INFO] Datas saved ~ periodic save
[12:49:53] [DEBUG] leiling2333 (efac9a7d-7e30-4b09-86bc-a60e47a4e468) joined the server
[12:49:53] [DEBUG] Loading player leiling2333...
[12:49:53] [DEBUG] Loading account #5. Last file edition: Thu Dec 28 21:33:56 CST 2023
[12:49:53] [DEBUG] Completed load of leiling2333 (efac9a7d-7e30-4b09-86bc-a60e47a4e468 (#5)) datas within 31 ms (0 quests, 0 pools) | Loaded from file from index
[12:56:31] [DEBUG] Saving 2 loaded accounts and 11 identifiers.
[12:56:31] [DEBUG] Saved datas (0.002s)!
[12:56:31] [INFO] Datas saved ~ periodic save
[13:11:31] [DEBUG] Saving 2 loaded accounts and 11 identifiers.
[13:11:31] [DEBUG] Saved datas (0.002s)!
[13:11:31] [INFO] Datas saved ~ periodic save
[13:26:31] [DEBUG] Saving 2 loaded accounts and 11 identifiers.
[13:26:31] [DEBUG] Saved datas (0.002s)!
[13:26:31] [INFO] Datas saved ~ periodic save
[13:28:38] [DEBUG] lishuoning left the server
[13:28:38] [DEBUG] Unloading player lishuoning... (0 quests, 0 pools)
[13:31:34] [DEBUG] leiling2333 left the server
[13:31:34] [DEBUG] Unloading player leiling2333... (0 quests, 0 pools)
[13:41:31] [DEBUG] Saving 0 loaded accounts and 11 identifiers.
[13:41:31] [DEBUG] Saved datas (0.0s)!
[13:41:31] [INFO] Datas saved ~ periodic save
