[2023-12-20 16:14:43] [信息]:
Spectator UUID: 6f0db270-ed9c-4b12-8689-f9f79958ca18
Spectator Name: DSLZL
Taken         : []
Given         : [CARVED_PUMPKIN x 1]
Target        : lishuoning
[2023-12-20 16:14:43] [信息]:
Spectator UUID: 6f0db270-ed9c-4b12-8689-f9f79958ca18
Spectator Name: DSLZL
Taken         : []
Given         : [CARVED_PUMPKIN x 1]
Target        : lishuoning
[2023-12-20 16:14:43] [信息]:
Spectator UUID: 6f0db270-ed9c-4b12-8689-f9f79958ca18
Spectator Name: DSLZL
Taken         : []
Given         : [CARVED_PUMPKIN x 1]
Target        : lishuoning
[2023-12-20 18:57:58] [信息]:
Spectator UUID: 6f0db270-ed9c-4b12-8689-f9f79958ca18
Spectator Name: DSLZL
Taken         : [DIAMOND_PICKAXE & UNSPECIFIC_META:{meta-type=UNSPECIFIC, enchants={LOOT_BONUS_BLOCKS=3}, Damage=256} x 1, DIAMOND_PICKAXE & UNSPECIFIC_META:{meta-type=UNSPECIFIC, enchants={DIG_SPEED=4, SILK_TOUCH=1}, Damage=512} x 1]
Given         : []
Target        : lishuoning
[2023-12-20 21:23:38] [信息]:
Spectator UUID: 6f0db270-ed9c-4b12-8689-f9f79958ca18
Spectator Name: DSLZL
Taken         : [DIAMOND_LEGGINGS & ARMOR_META:{meta-type=ARMOR, enchants={MENDING=1, PROTECTION_ENVIRONMENTAL=3}} x 1, IRON_INGOT x 197, IRON_CHESTPLATE & ARMOR_META:{meta-type=ARMOR, Damage=80} x 1, AMETHYST_SHARD x 20, DRAGON_EGG x 1, SHULKER_BOX & TILE_ENTITY_META:{meta-type=TILE_ENTITY, internal=H4sIAAAAAAAA/+NiYOBi4HPKyU/Ods0rySypDElM52BgykxhEM3NzEtNLkpMK7EqzijNyU4tik/Kr+BkYPUsSc0tZoAAABfBoPk/AAAA, blockMaterial=SHULKER_BOX} x 1, DIAMOND_BOOTS & ARMOR_META:{meta-type=ARMOR, enchants={MENDING=1, PROTECTION_ENVIRONMENTAL=4, DURABILITY=3}} x 1, DIAMOND_BOOTS & ARMOR_META:{meta-type=ARMOR, enchants={FROST_WALKER=2, MENDING=1, PROTECTION_ENVIRONMENTAL=4, DURABILITY=3}} x 1, SHULKER_SHELL x 6, DIAMOND_LEGGINGS & ARMOR_META:{meta-type=ARMOR, enchants={PROTECTION_FIRE=3, DURABILITY=3}} x 1, IRON_LEGGINGS & ARMOR_META:{meta-type=ARMOR, enchants={DURABILITY=3}} x 1, DIAMOND x 22, ELYTRA x 1]
Given         : []
Target        : lishuoning
[2023-12-23 16:08:01] [信息]:
Spectator UUID: 6f0db270-ed9c-4b12-8689-f9f79958ca18
Spectator Name: DSLZL
Taken         : [NETHERRACK x 64]
Given         : []
Target        : lishuoning
[2023-12-23 21:39:38] [信息]:
Spectator UUID: efac9a7d-7e30-4b09-86bc-a60e47a4e468
Spectator Name: leiling2333
Taken         : [CLOCK x 1]
Given         : []
Target        : DSLZL
[2023-12-23 21:39:45] [信息]:
Spectator UUID: efac9a7d-7e30-4b09-86bc-a60e47a4e468
Spectator Name: leiling2333
Taken         : []
Given         : [CLOCK x 1]
Target        : DSLZL
[2023-12-23 21:39:45] [信息]:
Spectator UUID: efac9a7d-7e30-4b09-86bc-a60e47a4e468
Spectator Name: leiling2333
Taken         : []
Given         : [CLOCK x 1]
Target        : DSLZL
[2023-12-23 21:59:16] [信息]:
Spectator UUID: efac9a7d-7e30-4b09-86bc-a60e47a4e468
Spectator Name: leiling2333
Taken         : []
Given         : [CARVED_PUMPKIN x 1]
Target        : lishuoning
